#
# There is insufficient memory for the Java Runtime Environment to continue.
# Native memory allocation (mmap) failed to map 53477376 bytes for Failed to commit area from 0x000000008e100000 to 0x0000000091400000 of length 53477376.
# Possible reasons:
#   The system is out of physical RAM or swap space
#   The process is running with CompressedOops enabled, and the Java Heap may be blocking the growth of the native heap
# Possible solutions:
#   Reduce memory load on the system
#   Increase physical memory or swap space
#   Check if swap backing store is full
#   Decrease Java heap size (-Xmx/-Xms)
#   Decrease number of Java threads
#   Decrease Java thread stack sizes (-Xss)
#   Set larger code cache with -XX:ReservedCodeCacheSize=
#   JVM is running with Unscaled Compressed Oops mode in which the Java heap is
#     placed in the first 4GB address space. The Java Heap base address is the
#     maximum limit for the native heap growth. Please use -XX:HeapBaseMinAddress
#     to set the Java Heap base and to place the Java Heap above 4GB virtual address.
# This output file may be truncated or incomplete.
#
#  Out of Memory Error (./open/src/hotspot/os/windows/os_windows.cpp:3292), pid=16776, tid=21864
#
# JRE version: Java(TM) SE Runtime Environment 18.9 (11.0.18+9) (build 11.0.18+9-LTS-195)
# Java VM: Java HotSpot(TM) 64-Bit Server VM 18.9 (11.0.18+9-LTS-195, mixed mode, tiered, compressed oops, g1 gc, windows-amd64)
# No core dump will be written. Minidumps are not enabled by default on client versions of Windows
#

---------------  S U M M A R Y ------------

Command Line: org.jetbrains.kotlin.cli.jvm.K2JVMCompiler @D:\Workspace\intern\youmed\node_modules\react-native-screens\android\build\20230903_2409058885892689646.compiler.options

Host: 11th Gen Intel(R) Core(TM) i7-11800H @ 2.30GHz, 16 cores, 7G,  Windows 11 , 64 bit Build 22621 (10.0.22621.2070)
Time: Sun Sep  3 15:59:22 2023 SE Asia Standard Time elapsed time: 6.323448 seconds (0d 0h 0m 6s)

---------------  T H R E A D  ---------------

Current thread (0x0000011dffa09000):  VMThread "VM Thread" [stack: 0x0000001acc000000,0x0000001acc100000] [id=21864]

Stack: [0x0000001acc000000,0x0000001acc100000]
[error occurred during error reporting (printing stack bounds), id 0xc0000005, EXCEPTION_ACCESS_VIOLATION (0xc0000005) at pc=0x0000011dee6510e7]

Native frames: (J=compiled Java code, j=interpreted, Vv=VM code, C=native code)
V  [jvm.dll+0x65d8aa]
V  [jvm.dll+0x79fc1f]
V  [jvm.dll+0x7a12e9]
V  [jvm.dll+0x7a18e5]
V  [jvm.dll+0x7a189b]
V  [jvm.dll+0x65cdb3]
V  [jvm.dll+0x65d4a8]
C  [ntdll.dll+0xa3dff]
C  [ntdll.dll+0x1e456]
C  [ntdll.dll+0xa2dee]
C  0x0000011dee6510e7

VM_Operation (0x0000001acbafd180): G1CollectForAllocation, mode: safepoint, requested by thread 0x0000011de6f82000


---------------  P R O C E S S  ---------------

Threads class SMR info:
_java_thread_list=0x0000011d874f98b0, length=13, elements={
0x0000011de6f82000, 0x0000011dffa0c800, 0x0000011dffa42800, 0x0000011dffaa6000,
0x0000011dffaa7800, 0x0000011dffa50000, 0x0000011dffa51000, 0x0000011dffa56000,
0x0000011dffa57000, 0x0000011dffc09000, 0x0000011dffc5c800, 0x0000011dffde6800,
0x0000011d86813000
}

Java Threads: ( => current thread )
  0x0000011de6f82000 JavaThread "main" [_thread_blocked, id=11920, stack(0x0000001acba00000,0x0000001acbb00000)]
  0x0000011dffa0c800 JavaThread "Reference Handler" daemon [_thread_blocked, id=30492, stack(0x0000001acc100000,0x0000001acc200000)]
  0x0000011dffa42800 JavaThread "Finalizer" daemon [_thread_blocked, id=32504, stack(0x0000001acc200000,0x0000001acc300000)]
  0x0000011dffaa6000 JavaThread "Signal Dispatcher" daemon [_thread_blocked, id=31656, stack(0x0000001acc300000,0x0000001acc400000)]
  0x0000011dffaa7800 JavaThread "Attach Listener" daemon [_thread_blocked, id=3348, stack(0x0000001acc400000,0x0000001acc500000)]
  0x0000011dffa50000 JavaThread "Service Thread" daemon [_thread_blocked, id=31320, stack(0x0000001acc500000,0x0000001acc600000)]
  0x0000011dffa51000 JavaThread "C2 CompilerThread0" daemon [_thread_blocked, id=13924, stack(0x0000001acc600000,0x0000001acc700000)]
  0x0000011dffa56000 JavaThread "C1 CompilerThread0" daemon [_thread_blocked, id=26920, stack(0x0000001acc700000,0x0000001acc800000)]
  0x0000011dffa57000 JavaThread "Sweeper thread" daemon [_thread_blocked, id=29192, stack(0x0000001acc800000,0x0000001acc900000)]
  0x0000011dffc09000 JavaThread "C1 CompilerThread1" daemon [_thread_blocked, id=7060, stack(0x0000001acc900000,0x0000001acca00000)]
  0x0000011dffc5c800 JavaThread "Common-Cleaner" daemon [_thread_blocked, id=8052, stack(0x0000001accb00000,0x0000001accc00000)]
  0x0000011dffde6800 JavaThread "C1 CompilerThread2" daemon [_thread_blocked, id=29156, stack(0x0000001accd00000,0x0000001acce00000)]
  0x0000011d86813000 JavaThread "C1 CompilerThread3" daemon [_thread_blocked, id=21744, stack(0x0000001acce00000,0x0000001accf00000)]

Other Threads:
=>0x0000011dffa09000 VMThread "VM Thread" [stack: 0x0000001acc000000,0x0000001acc100000] [id=21864]
  0x0000011dffc26800 WatcherThread [stack: 0x0000001acca00000,0x0000001accb00000] [id=29228]
  0x0000011de6f97000 GCTaskThread "GC Thread#0" [stack: 0x0000001acbb00000,0x0000001acbc00000] [id=27412]
  0x0000011d86a83000 GCTaskThread "GC Thread#1" [stack: 0x0000001accf00000,0x0000001acd000000] [id=29600]
  0x0000011d8bafb800 GCTaskThread "GC Thread#2" [stack: 0x0000001acd100000,0x0000001acd200000] [id=26672]
  0x0000011de6fc8000 ConcurrentGCThread "G1 Main Marker" [stack: 0x0000001acbc00000,0x0000001acbd00000] [id=26364]
  0x0000011de6fca800 ConcurrentGCThread "G1 Conc#0" [stack: 0x0000001acbd00000,0x0000001acbe00000] [id=2716]
  0x0000011dffc25800 ConcurrentGCThread "G1 Conc#1" [stack: 0x0000001accc00000,0x0000001accd00000] [id=17696]
  0x0000011d87681800 ConcurrentGCThread "G1 Conc#2" [stack: 0x0000001acd000000,0x0000001acd100000] [id=16188]
  0x0000011de704d800 ConcurrentGCThread "G1 Refine#0" [stack: 0x0000001acbe00000,0x0000001acbf00000] [id=9192]
  0x0000011d8b131800 ConcurrentGCThread "G1 Refine#1" [stack: 0x0000001acd200000,0x0000001acd300000] [id=29724]
  0x0000011dff86b800 ConcurrentGCThread "G1 Young RemSet Sampling" [stack: 0x0000001acbf00000,0x0000001acc000000] [id=9952]

Threads with active compile tasks:
C2 CompilerThread0     6332 7667       4       org.jetbrains.kotlin.serialization.deserialization.descriptors.DeserializedMemberScope::getContributedClassifier (63 bytes)

VM state:at safepoint (normal execution)

VM Mutex/Monitor currently owned by a thread:  ([mutex/lock_event])
[0x0000011de6f7fbd0] Threads_lock - owner thread: 0x0000011dffa09000
[0x0000011de6f7e700] Heap_lock - owner thread: 0x0000011de6f82000

Heap address: 0x0000000084a00000, size: 1974 MB, Compressed Oops mode: 32-bit
Narrow klass base: 0x0000000000000000, Narrow klass shift: 3
Compressed class space size: 1073741824 Address: 0x0000000100000000

Heap:
 garbage-first heap   total 206848K, used 53203K [0x0000000084a00000, 0x0000000100000000)
  region size 1024K, 6 young (6144K), 6 survivors (6144K)
 Metaspace       used 59481K, capacity 60236K, committed 60416K, reserved 1101824K
  class space    used 6809K, capacity 7135K, committed 7168K, reserved 1048576K
Heap Regions: E=young(eden), S=young(survivor), O=old, HS=humongous(starts), HC=humongous(continues), CS=collection set, F=free, A=archive, TAMS=top-at-mark-start (previous, next)
|   0|0x0000000084a00000, 0x0000000084b00000, 0x0000000084b00000|100%|HS|  |TAMS 0x0000000084b00000, 0x0000000084a00000| Complete 
|   1|0x0000000084b00000, 0x0000000084c00000, 0x0000000084c00000|100%|HC|  |TAMS 0x0000000084c00000, 0x0000000084b00000| Complete 
|   2|0x0000000084c00000, 0x0000000084d00000, 0x0000000084d00000|100%|HC|  |TAMS 0x0000000084d00000, 0x0000000084c00000| Complete 
|   3|0x0000000084d00000, 0x0000000084e00000, 0x0000000084e00000|100%|HS|  |TAMS 0x0000000084e00000, 0x0000000084d00000| Complete 
|   4|0x0000000084e00000, 0x0000000084f00000, 0x0000000084f00000|100%|HC|  |TAMS 0x0000000084f00000, 0x0000000084e00000| Complete 
|   5|0x0000000084f00000, 0x0000000085000000, 0x0000000085000000|100%|HC|  |TAMS 0x0000000085000000, 0x0000000084f00000| Complete 
|   6|0x0000000085000000, 0x0000000085100000, 0x0000000085100000|100%|HS|  |TAMS 0x0000000085100000, 0x0000000085000000| Complete 
|   7|0x0000000085100000, 0x0000000085200000, 0x0000000085200000|100%|HC|  |TAMS 0x0000000085200000, 0x0000000085100000| Complete 
|   8|0x0000000085200000, 0x0000000085300000, 0x0000000085300000|100%| O|  |TAMS 0x0000000085300000, 0x0000000085200000| Untracked 
|   9|0x0000000085300000, 0x0000000085400000, 0x0000000085400000|100%| O|  |TAMS 0x0000000085400000, 0x0000000085300000| Untracked 
|  10|0x0000000085400000, 0x0000000085500000, 0x0000000085500000|100%| O|  |TAMS 0x0000000085500000, 0x0000000085400000| Untracked 
|  11|0x0000000085500000, 0x0000000085600000, 0x0000000085600000|100%| O|  |TAMS 0x0000000085600000, 0x0000000085500000| Untracked 
|  12|0x0000000085600000, 0x0000000085700000, 0x0000000085700000|100%| O|  |TAMS 0x0000000085700000, 0x0000000085600000| Untracked 
|  13|0x0000000085700000, 0x0000000085800000, 0x0000000085800000|100%| O|  |TAMS 0x0000000085800000, 0x0000000085700000| Untracked 
|  14|0x0000000085800000, 0x0000000085900000, 0x0000000085900000|100%| O|  |TAMS 0x0000000085900000, 0x0000000085800000| Untracked 
|  15|0x0000000085900000, 0x0000000085a00000, 0x0000000085a00000|100%| O|  |TAMS 0x0000000085a00000, 0x0000000085900000| Untracked 
|  16|0x0000000085a00000, 0x0000000085b00000, 0x0000000085b00000|100%| O|  |TAMS 0x0000000085b00000, 0x0000000085a00000| Untracked 
|  17|0x0000000085b00000, 0x0000000085c00000, 0x0000000085c00000|100%| O|  |TAMS 0x0000000085c00000, 0x0000000085b00000| Untracked 
|  18|0x0000000085c00000, 0x0000000085d00000, 0x0000000085d00000|100%| O|  |TAMS 0x0000000085d00000, 0x0000000085c00000| Untracked 
|  19|0x0000000085d00000, 0x0000000085e00000, 0x0000000085e00000|100%| O|  |TAMS 0x0000000085e00000, 0x0000000085d00000| Untracked 
|  20|0x0000000085e00000, 0x0000000085f00000, 0x0000000085f00000|100%| O|  |TAMS 0x0000000085f00000, 0x0000000085e00000| Untracked 
|  21|0x0000000085f00000, 0x0000000086000000, 0x0000000086000000|100%| O|  |TAMS 0x0000000086000000, 0x0000000085f00000| Untracked 
|  22|0x0000000086000000, 0x0000000086100000, 0x0000000086100000|100%| O|  |TAMS 0x0000000086100000, 0x0000000086000000| Untracked 
|  23|0x0000000086100000, 0x0000000086200000, 0x0000000086200000|100%| O|  |TAMS 0x0000000086200000, 0x0000000086100000| Untracked 
|  24|0x0000000086200000, 0x0000000086300000, 0x0000000086300000|100%| O|  |TAMS 0x0000000086300000, 0x0000000086200000| Untracked 
|  25|0x0000000086300000, 0x0000000086400000, 0x0000000086400000|100%| O|  |TAMS 0x0000000086400000, 0x0000000086300000| Untracked 
|  26|0x0000000086400000, 0x0000000086500000, 0x0000000086500000|100%| O|  |TAMS 0x0000000086500000, 0x0000000086400000| Untracked 
|  27|0x0000000086500000, 0x0000000086600000, 0x0000000086600000|100%| O|  |TAMS 0x0000000086600000, 0x0000000086500000| Untracked 
|  28|0x0000000086600000, 0x0000000086700000, 0x0000000086700000|100%| O|  |TAMS 0x0000000086700000, 0x0000000086600000| Untracked 
|  29|0x0000000086700000, 0x0000000086800000, 0x0000000086800000|100%| O|  |TAMS 0x0000000086800000, 0x0000000086700000| Untracked 
|  30|0x0000000086800000, 0x0000000086900000, 0x0000000086900000|100%| O|  |TAMS 0x0000000086900000, 0x0000000086800000| Untracked 
|  31|0x0000000086900000, 0x0000000086a00000, 0x0000000086a00000|100%| O|  |TAMS 0x0000000086a00000, 0x0000000086900000| Untracked 
|  32|0x0000000086a00000, 0x0000000086b00000, 0x0000000086b00000|100%| O|  |TAMS 0x0000000086b00000, 0x0000000086a00000| Untracked 
|  33|0x0000000086b00000, 0x0000000086c00000, 0x0000000086c00000|100%| O|  |TAMS 0x0000000086c00000, 0x0000000086b00000| Untracked 
|  34|0x0000000086c00000, 0x0000000086d00000, 0x0000000086d00000|100%| O|  |TAMS 0x0000000086d00000, 0x0000000086c00000| Untracked 
|  35|0x0000000086d00000, 0x0000000086e00000, 0x0000000086e00000|100%| O|  |TAMS 0x0000000086e00000, 0x0000000086d00000| Untracked 
|  36|0x0000000086e00000, 0x0000000086f00000, 0x0000000086f00000|100%| O|  |TAMS 0x0000000086f00000, 0x0000000086e00000| Untracked 
|  37|0x0000000086f00000, 0x0000000087000000, 0x0000000087000000|100%| O|  |TAMS 0x0000000087000000, 0x0000000086f00000| Untracked 
|  38|0x0000000087000000, 0x0000000087100000, 0x0000000087100000|100%| O|  |TAMS 0x0000000087100000, 0x0000000087000000| Untracked 
|  39|0x0000000087100000, 0x0000000087200000, 0x0000000087200000|100%| O|  |TAMS 0x0000000087200000, 0x0000000087100000| Untracked 
|  40|0x0000000087200000, 0x0000000087300000, 0x0000000087300000|100%| O|  |TAMS 0x0000000087300000, 0x0000000087200000| Untracked 
|  41|0x0000000087300000, 0x0000000087400000, 0x0000000087400000|100%| O|  |TAMS 0x0000000087400000, 0x0000000087300000| Untracked 
|  42|0x0000000087400000, 0x0000000087500000, 0x0000000087500000|100%| O|  |TAMS 0x0000000087500000, 0x0000000087400000| Untracked 
|  43|0x0000000087500000, 0x0000000087600000, 0x0000000087600000|100%| O|  |TAMS 0x0000000087500000, 0x0000000087500000| Untracked 
|  44|0x0000000087600000, 0x0000000087700000, 0x0000000087700000|100%| O|  |TAMS 0x0000000087600000, 0x0000000087600000| Untracked 
|  45|0x0000000087700000, 0x00000000877f4c00, 0x0000000087800000| 95%| O|  |TAMS 0x0000000087700000, 0x0000000087700000| Untracked 
|  46|0x0000000087800000, 0x0000000087800000, 0x0000000087900000|  0%| F|  |TAMS 0x0000000087800000, 0x0000000087800000| Untracked 
|  47|0x0000000087900000, 0x0000000087900000, 0x0000000087a00000|  0%| F|  |TAMS 0x0000000087900000, 0x0000000087900000| Untracked 
|  48|0x0000000087a00000, 0x0000000087a00000, 0x0000000087b00000|  0%| F|  |TAMS 0x0000000087a00000, 0x0000000087a00000| Untracked 
|  49|0x0000000087b00000, 0x0000000087b00000, 0x0000000087c00000|  0%| F|  |TAMS 0x0000000087b00000, 0x0000000087b00000| Untracked 
|  50|0x0000000087c00000, 0x0000000087c00000, 0x0000000087d00000|  0%| F|  |TAMS 0x0000000087c00000, 0x0000000087c00000| Untracked 
|  51|0x0000000087d00000, 0x0000000087d00000, 0x0000000087e00000|  0%| F|  |TAMS 0x0000000087d00000, 0x0000000087d00000| Untracked 
|  52|0x0000000087e00000, 0x0000000087e00000, 0x0000000087f00000|  0%| F|  |TAMS 0x0000000087e00000, 0x0000000087e00000| Untracked 
|  53|0x0000000087f00000, 0x0000000087f00000, 0x0000000088000000|  0%| F|  |TAMS 0x0000000087f00000, 0x0000000087f00000| Untracked 
|  54|0x0000000088000000, 0x0000000088000000, 0x0000000088100000|  0%| F|  |TAMS 0x0000000088000000, 0x0000000088000000| Untracked 
|  55|0x0000000088100000, 0x0000000088100000, 0x0000000088200000|  0%| F|  |TAMS 0x0000000088100000, 0x0000000088100000| Untracked 
|  56|0x0000000088200000, 0x0000000088200000, 0x0000000088300000|  0%| F|  |TAMS 0x0000000088200000, 0x0000000088200000| Untracked 
|  57|0x0000000088300000, 0x0000000088300000, 0x0000000088400000|  0%| F|  |TAMS 0x0000000088300000, 0x0000000088300000| Untracked 
|  58|0x0000000088400000, 0x0000000088400000, 0x0000000088500000|  0%| F|  |TAMS 0x0000000088400000, 0x0000000088400000| Untracked 
|  59|0x0000000088500000, 0x0000000088500000, 0x0000000088600000|  0%| F|  |TAMS 0x0000000088500000, 0x0000000088500000| Untracked 
|  60|0x0000000088600000, 0x0000000088600000, 0x0000000088700000|  0%| F|  |TAMS 0x0000000088600000, 0x0000000088600000| Untracked 
|  61|0x0000000088700000, 0x0000000088700000, 0x0000000088800000|  0%| F|  |TAMS 0x0000000088700000, 0x0000000088700000| Untracked 
|  62|0x0000000088800000, 0x0000000088800000, 0x0000000088900000|  0%| F|  |TAMS 0x0000000088800000, 0x0000000088800000| Untracked 
|  63|0x0000000088900000, 0x0000000088900000, 0x0000000088a00000|  0%| F|  |TAMS 0x0000000088900000, 0x0000000088900000| Untracked 
|  64|0x0000000088a00000, 0x0000000088a00000, 0x0000000088b00000|  0%| F|  |TAMS 0x0000000088a00000, 0x0000000088a00000| Untracked 
|  65|0x0000000088b00000, 0x0000000088b00000, 0x0000000088c00000|  0%| F|  |TAMS 0x0000000088b00000, 0x0000000088b00000| Untracked 
|  66|0x0000000088c00000, 0x0000000088c00000, 0x0000000088d00000|  0%| F|  |TAMS 0x0000000088c00000, 0x0000000088c00000| Untracked 
|  67|0x0000000088d00000, 0x0000000088d00000, 0x0000000088e00000|  0%| F|  |TAMS 0x0000000088d00000, 0x0000000088d00000| Untracked 
|  68|0x0000000088e00000, 0x0000000088e00000, 0x0000000088f00000|  0%| F|  |TAMS 0x0000000088e00000, 0x0000000088e00000| Untracked 
|  69|0x0000000088f00000, 0x0000000088f00000, 0x0000000089000000|  0%| F|  |TAMS 0x0000000088f00000, 0x0000000088f00000| Untracked 
|  70|0x0000000089000000, 0x0000000089000000, 0x0000000089100000|  0%| F|  |TAMS 0x0000000089000000, 0x0000000089000000| Untracked 
|  71|0x0000000089100000, 0x0000000089100000, 0x0000000089200000|  0%| F|  |TAMS 0x0000000089100000, 0x0000000089100000| Untracked 
|  72|0x0000000089200000, 0x0000000089200000, 0x0000000089300000|  0%| F|  |TAMS 0x0000000089200000, 0x0000000089200000| Untracked 
|  73|0x0000000089300000, 0x0000000089300000, 0x0000000089400000|  0%| F|  |TAMS 0x0000000089300000, 0x0000000089300000| Untracked 
|  74|0x0000000089400000, 0x0000000089400000, 0x0000000089500000|  0%| F|  |TAMS 0x0000000089400000, 0x0000000089400000| Untracked 
|  75|0x0000000089500000, 0x0000000089500000, 0x0000000089600000|  0%| F|  |TAMS 0x0000000089500000, 0x0000000089500000| Untracked 
|  76|0x0000000089600000, 0x0000000089600000, 0x0000000089700000|  0%| F|  |TAMS 0x0000000089600000, 0x0000000089600000| Untracked 
|  77|0x0000000089700000, 0x0000000089700000, 0x0000000089800000|  0%| F|  |TAMS 0x0000000089700000, 0x0000000089700000| Untracked 
|  78|0x0000000089800000, 0x0000000089800000, 0x0000000089900000|  0%| F|  |TAMS 0x0000000089800000, 0x0000000089800000| Untracked 
|  79|0x0000000089900000, 0x0000000089900000, 0x0000000089a00000|  0%| F|  |TAMS 0x0000000089900000, 0x0000000089900000| Untracked 
|  80|0x0000000089a00000, 0x0000000089a00000, 0x0000000089b00000|  0%| F|  |TAMS 0x0000000089a00000, 0x0000000089a00000| Untracked 
|  81|0x0000000089b00000, 0x0000000089b00000, 0x0000000089c00000|  0%| F|  |TAMS 0x0000000089b00000, 0x0000000089b00000| Untracked 
|  82|0x0000000089c00000, 0x0000000089c00000, 0x0000000089d00000|  0%| F|  |TAMS 0x0000000089c00000, 0x0000000089c00000| Untracked 
|  83|0x0000000089d00000, 0x0000000089d00000, 0x0000000089e00000|  0%| F|  |TAMS 0x0000000089d00000, 0x0000000089d00000| Untracked 
|  84|0x0000000089e00000, 0x0000000089e00000, 0x0000000089f00000|  0%| F|  |TAMS 0x0000000089e00000, 0x0000000089e00000| Untracked 
|  85|0x0000000089f00000, 0x0000000089f00000, 0x000000008a000000|  0%| F|  |TAMS 0x0000000089f00000, 0x0000000089f00000| Untracked 
|  86|0x000000008a000000, 0x000000008a000000, 0x000000008a100000|  0%| F|  |TAMS 0x000000008a000000, 0x000000008a000000| Untracked 
|  87|0x000000008a100000, 0x000000008a100000, 0x000000008a200000|  0%| F|  |TAMS 0x000000008a100000, 0x000000008a100000| Untracked 
|  88|0x000000008a200000, 0x000000008a200000, 0x000000008a300000|  0%| F|  |TAMS 0x000000008a200000, 0x000000008a200000| Untracked 
|  89|0x000000008a300000, 0x000000008a300000, 0x000000008a400000|  0%| F|  |TAMS 0x000000008a300000, 0x000000008a300000| Untracked 
|  90|0x000000008a400000, 0x000000008a400000, 0x000000008a500000|  0%| F|  |TAMS 0x000000008a400000, 0x000000008a400000| Untracked 
|  91|0x000000008a500000, 0x000000008a500000, 0x000000008a600000|  0%| F|  |TAMS 0x000000008a500000, 0x000000008a500000| Untracked 
|  92|0x000000008a600000, 0x000000008a600000, 0x000000008a700000|  0%| F|  |TAMS 0x000000008a600000, 0x000000008a600000| Untracked 
|  93|0x000000008a700000, 0x000000008a700000, 0x000000008a800000|  0%| F|  |TAMS 0x000000008a700000, 0x000000008a700000| Untracked 
|  94|0x000000008a800000, 0x000000008a800000, 0x000000008a900000|  0%| F|  |TAMS 0x000000008a800000, 0x000000008a800000| Untracked 
|  95|0x000000008a900000, 0x000000008a900000, 0x000000008aa00000|  0%| F|  |TAMS 0x000000008a900000, 0x000000008a900000| Untracked 
|  96|0x000000008aa00000, 0x000000008aa00000, 0x000000008ab00000|  0%| F|  |TAMS 0x000000008aa00000, 0x000000008aa00000| Untracked 
|  97|0x000000008ab00000, 0x000000008ab00000, 0x000000008ac00000|  0%| F|  |TAMS 0x000000008ab00000, 0x000000008ab00000| Untracked 
|  98|0x000000008ac00000, 0x000000008ad00000, 0x000000008ad00000|100%| S|CS|TAMS 0x000000008ac00000, 0x000000008ac00000| Complete 
|  99|0x000000008ad00000, 0x000000008ae00000, 0x000000008ae00000|100%| S|CS|TAMS 0x000000008ad00000, 0x000000008ad00000| Complete 
| 100|0x000000008ae00000, 0x000000008af00000, 0x000000008af00000|100%| S|CS|TAMS 0x000000008ae00000, 0x000000008ae00000| Complete 
| 101|0x000000008af00000, 0x000000008b000000, 0x000000008b000000|100%| S|CS|TAMS 0x000000008af00000, 0x000000008af00000| Complete 
| 102|0x000000008b000000, 0x000000008b100000, 0x000000008b100000|100%| S|CS|TAMS 0x000000008b000000, 0x000000008b000000| Complete 
| 103|0x000000008b100000, 0x000000008b200000, 0x000000008b200000|100%| S|CS|TAMS 0x000000008b100000, 0x000000008b100000| Complete 
| 104|0x000000008b200000, 0x000000008b200000, 0x000000008b300000|  0%| F|  |TAMS 0x000000008b200000, 0x000000008b200000| Untracked 
| 105|0x000000008b300000, 0x000000008b300000, 0x000000008b400000|  0%| F|  |TAMS 0x000000008b300000, 0x000000008b300000| Untracked 
| 106|0x000000008b400000, 0x000000008b400000, 0x000000008b500000|  0%| F|  |TAMS 0x000000008b400000, 0x000000008b400000| Untracked 
| 107|0x000000008b500000, 0x000000008b500000, 0x000000008b600000|  0%| F|  |TAMS 0x000000008b500000, 0x000000008b500000| Untracked 
| 108|0x000000008b600000, 0x000000008b600000, 0x000000008b700000|  0%| F|  |TAMS 0x000000008b600000, 0x000000008b600000| Untracked 
| 109|0x000000008b700000, 0x000000008b700000, 0x000000008b800000|  0%| F|  |TAMS 0x000000008b700000, 0x000000008b700000| Untracked 
| 110|0x000000008b800000, 0x000000008b800000, 0x000000008b900000|  0%| F|  |TAMS 0x000000008b800000, 0x000000008b800000| Untracked 
| 111|0x000000008b900000, 0x000000008b900000, 0x000000008ba00000|  0%| F|  |TAMS 0x000000008b900000, 0x000000008b900000| Untracked 
| 112|0x000000008ba00000, 0x000000008ba00000, 0x000000008bb00000|  0%| F|  |TAMS 0x000000008ba00000, 0x000000008ba00000| Untracked 
| 113|0x000000008bb00000, 0x000000008bb00000, 0x000000008bc00000|  0%| F|  |TAMS 0x000000008bb00000, 0x000000008bb00000| Untracked 
| 114|0x000000008bc00000, 0x000000008bc00000, 0x000000008bd00000|  0%| F|  |TAMS 0x000000008bc00000, 0x000000008bc00000| Untracked 
| 115|0x000000008bd00000, 0x000000008bd00000, 0x000000008be00000|  0%| F|  |TAMS 0x000000008bd00000, 0x000000008bd00000| Untracked 
| 116|0x000000008be00000, 0x000000008be00000, 0x000000008bf00000|  0%| F|  |TAMS 0x000000008be00000, 0x000000008be00000| Untracked 
| 117|0x000000008bf00000, 0x000000008bf00000, 0x000000008c000000|  0%| F|  |TAMS 0x000000008bf00000, 0x000000008bf00000| Untracked 
| 118|0x000000008c000000, 0x000000008c000000, 0x000000008c100000|  0%| F|  |TAMS 0x000000008c000000, 0x000000008c000000| Untracked 
| 119|0x000000008c100000, 0x000000008c100000, 0x000000008c200000|  0%| F|  |TAMS 0x000000008c100000, 0x000000008c100000| Untracked 
| 120|0x000000008c200000, 0x000000008c200000, 0x000000008c300000|  0%| F|  |TAMS 0x000000008c200000, 0x000000008c200000| Untracked 
| 121|0x000000008c300000, 0x000000008c300000, 0x000000008c400000|  0%| F|  |TAMS 0x000000008c300000, 0x000000008c300000| Untracked 
| 122|0x000000008c400000, 0x000000008c400000, 0x000000008c500000|  0%| F|  |TAMS 0x000000008c400000, 0x000000008c400000| Untracked 
| 123|0x000000008c500000, 0x000000008c500000, 0x000000008c600000|  0%| F|  |TAMS 0x000000008c500000, 0x000000008c500000| Untracked 
| 124|0x000000008c600000, 0x000000008c600000, 0x000000008c700000|  0%| F|  |TAMS 0x000000008c600000, 0x000000008c600000| Untracked 
| 125|0x000000008c700000, 0x000000008c700000, 0x000000008c800000|  0%| F|  |TAMS 0x000000008c700000, 0x000000008c700000| Untracked 
| 126|0x000000008c800000, 0x000000008c800000, 0x000000008c900000|  0%| F|  |TAMS 0x000000008c800000, 0x000000008c800000| Untracked 
| 127|0x000000008c900000, 0x000000008c900000, 0x000000008ca00000|  0%| F|  |TAMS 0x000000008c900000, 0x000000008c900000| Untracked 
| 128|0x000000008ca00000, 0x000000008ca00000, 0x000000008cb00000|  0%| F|  |TAMS 0x000000008ca00000, 0x000000008ca00000| Untracked 
| 129|0x000000008cb00000, 0x000000008cb00000, 0x000000008cc00000|  0%| F|  |TAMS 0x000000008cb00000, 0x000000008cb00000| Untracked 
| 130|0x000000008cc00000, 0x000000008cc00000, 0x000000008cd00000|  0%| F|  |TAMS 0x000000008cc00000, 0x000000008cc00000| Untracked 
| 131|0x000000008cd00000, 0x000000008cd00000, 0x000000008ce00000|  0%| F|  |TAMS 0x000000008cd00000, 0x000000008cd00000| Untracked 
| 132|0x000000008ce00000, 0x000000008ce00000, 0x000000008cf00000|  0%| F|  |TAMS 0x000000008ce00000, 0x000000008ce00000| Untracked 
| 133|0x000000008cf00000, 0x000000008cf00000, 0x000000008d000000|  0%| F|  |TAMS 0x000000008cf00000, 0x000000008cf00000| Untracked 
| 134|0x000000008d000000, 0x000000008d000000, 0x000000008d100000|  0%| F|  |TAMS 0x000000008d000000, 0x000000008d000000| Untracked 
| 135|0x000000008d100000, 0x000000008d100000, 0x000000008d200000|  0%| F|  |TAMS 0x000000008d100000, 0x000000008d100000| Untracked 
| 136|0x000000008d200000, 0x000000008d200000, 0x000000008d300000|  0%| F|  |TAMS 0x000000008d200000, 0x000000008d200000| Untracked 
| 137|0x000000008d300000, 0x000000008d300000, 0x000000008d400000|  0%| F|  |TAMS 0x000000008d300000, 0x000000008d300000| Untracked 
| 138|0x000000008d400000, 0x000000008d400000, 0x000000008d500000|  0%| F|  |TAMS 0x000000008d400000, 0x000000008d400000| Untracked 
| 139|0x000000008d500000, 0x000000008d500000, 0x000000008d600000|  0%| F|  |TAMS 0x000000008d500000, 0x000000008d500000| Untracked 
| 140|0x000000008d600000, 0x000000008d600000, 0x000000008d700000|  0%| F|  |TAMS 0x000000008d600000, 0x000000008d600000| Untracked 
| 141|0x000000008d700000, 0x000000008d700000, 0x000000008d800000|  0%| F|  |TAMS 0x000000008d700000, 0x000000008d700000| Untracked 
| 142|0x000000008d800000, 0x000000008d800000, 0x000000008d900000|  0%| F|  |TAMS 0x000000008d800000, 0x000000008d800000| Untracked 
| 143|0x000000008d900000, 0x000000008d900000, 0x000000008da00000|  0%| F|  |TAMS 0x000000008d900000, 0x000000008d900000| Untracked 
| 144|0x000000008da00000, 0x000000008da00000, 0x000000008db00000|  0%| F|  |TAMS 0x000000008da00000, 0x000000008da00000| Untracked 
| 145|0x000000008db00000, 0x000000008db00000, 0x000000008dc00000|  0%| F|  |TAMS 0x000000008db00000, 0x000000008db00000| Untracked 
| 146|0x000000008dc00000, 0x000000008dc00000, 0x000000008dd00000|  0%| F|  |TAMS 0x000000008dc00000, 0x000000008dc00000| Untracked 
| 147|0x000000008dd00000, 0x000000008dd00000, 0x000000008de00000|  0%| F|  |TAMS 0x000000008dd00000, 0x000000008dd00000| Untracked 
| 148|0x000000008de00000, 0x000000008de00000, 0x000000008df00000|  0%| F|  |TAMS 0x000000008de00000, 0x000000008de00000| Untracked 
| 149|0x000000008df00000, 0x000000008df00000, 0x000000008e000000|  0%| F|  |TAMS 0x000000008df00000, 0x000000008df00000| Untracked 
| 150|0x000000008e000000, 0x000000008e000000, 0x000000008e100000|  0%| F|  |TAMS 0x000000008e000000, 0x000000008e000000| Untracked 

Card table byte_map: [0x0000011dfe2b0000,0x0000011dfe690000] _byte_map_base: 0x0000011dfde8b000

Marking Bits (Prev, Next): (CMBitMap*) 0x0000011de6fbe650, (CMBitMap*) 0x0000011de6fbe618
 Prev Bits: [0x0000011d81ee0000, 0x0000011d83db8000)
 Next Bits: [0x0000011d80000000, 0x0000011d81ed8000)

Polling page: 0x0000011de4f80000

Metaspace:

Usage:
  Non-class:     51.86 MB capacity,    51.44 MB (>99%) used,   326.16 KB ( <1%) free+waste,   103.62 KB ( <1%) overhead. 
      Class:      6.97 MB capacity,     6.65 MB ( 95%) used,   277.72 KB (  4%) free+waste,    47.31 KB ( <1%) overhead. 
       Both:     58.82 MB capacity,    58.09 MB ( 99%) used,   603.88 KB (  1%) free+waste,   150.94 KB ( <1%) overhead. 

Virtual space:
  Non-class space:       52.00 MB reserved,      52.00 MB (100%) committed 
      Class space:        1.00 GB reserved,       7.00 MB ( <1%) committed 
             Both:        1.05 GB reserved,      59.00 MB (  5%) committed 

Chunk freelists:
   Non-Class:  2.38 KB
       Class:  128 bytes
        Both:  2.50 KB

CodeHeap 'non-profiled nmethods': size=119168Kb used=2250Kb max_used=2250Kb free=116917Kb
 bounds [0x0000011df61f0000, 0x0000011df6460000, 0x0000011dfd650000]
CodeHeap 'profiled nmethods': size=119168Kb used=16778Kb max_used=16778Kb free=102389Kb
 bounds [0x0000011deed90000, 0x0000011defe00000, 0x0000011df61f0000]
CodeHeap 'non-nmethods': size=7424Kb used=2925Kb max_used=2967Kb free=4499Kb
 bounds [0x0000011dee650000, 0x0000011dee940000, 0x0000011deed90000]
 total_blobs=8202 nmethods=7617 adapters=490
 compilation: enabled
              stopped_count=0, restarted_count=0
 full_count=0

Compilation events (10 events):
Event: 6.267 Thread 0x0000011dffde6800 7808       2       org.jetbrains.kotlin.descriptors.annotations.Annotations$DefaultImpls::findAnnotation (74 bytes)
Event: 6.267 Thread 0x0000011dffc09000 7809       2       org.jetbrains.kotlin.resolve.lazy.descriptors.LazyAnnotations::iterator (26 bytes)
Event: 6.267 Thread 0x0000011dffa56000 7810       2       org.jetbrains.kotlin.resolve.lazy.descriptors.LazyAnnotations::hasAnnotation (6 bytes)
Event: 6.267 Thread 0x0000011d86813000 7811       2       org.jetbrains.kotlin.resolve.lazy.descriptors.LazyAnnotations::findAnnotation (6 bytes)
Event: 6.268 Thread 0x0000011d86813000 nmethod 7811 0x0000011defdf0010 code [0x0000011defdf01a0, 0x0000011defdf02a8]
Event: 6.268 Thread 0x0000011d86813000 7812       2       org.jetbrains.kotlin.resolve.lazy.descriptors.LazyAnnotationDescriptor::getFqName (5 bytes)
Event: 6.268 Thread 0x0000011dffde6800 nmethod 7808 0x0000011defdf0390 code [0x0000011defdf05c0, 0x0000011defdf0ac8]
Event: 6.268 Thread 0x0000011d86813000 nmethod 7812 0x0000011defdf0e10 code [0x0000011defdf0fa0, 0x0000011defdf10a8]
Event: 6.269 Thread 0x0000011dffa56000 nmethod 7810 0x0000011defdf1190 code [0x0000011defdf1380, 0x0000011defdf1648]
Event: 6.270 Thread 0x0000011dffc09000 nmethod 7809 0x0000011defdf1890 code [0x0000011defdf1b20, 0x0000011defdf24a8]

GC Heap History (10 events):
Event: 2.764 GC heap after
{Heap after GC invocations=5 (full 0):
 garbage-first heap   total 126976K, used 20760K [0x0000000084a00000, 0x0000000100000000)
  region size 1024K, 2 young (2048K), 2 survivors (2048K)
 Metaspace       used 35066K, capacity 35425K, committed 35584K, reserved 1081344K
  class space    used 4329K, capacity 4506K, committed 4608K, reserved 1048576K
}
Event: 3.677 GC heap before
{Heap before GC invocations=6 (full 0):
 garbage-first heap   total 126976K, used 65816K [0x0000000084a00000, 0x0000000100000000)
  region size 1024K, 46 young (47104K), 2 survivors (2048K)
 Metaspace       used 44033K, capacity 44465K, committed 44672K, reserved 1089536K
  class space    used 5190K, capacity 5379K, committed 5504K, reserved 1048576K
}
Event: 3.688 GC heap after
{Heap after GC invocations=7 (full 0):
 garbage-first heap   total 154624K, used 25368K [0x0000000084a00000, 0x0000000100000000)
  region size 1024K, 6 young (6144K), 6 survivors (6144K)
 Metaspace       used 44033K, capacity 44465K, committed 44672K, reserved 1089536K
  class space    used 5190K, capacity 5379K, committed 5504K, reserved 1048576K
}
Event: 4.393 GC heap before
{Heap before GC invocations=7 (full 0):
 garbage-first heap   total 154624K, used 83736K [0x0000000084a00000, 0x0000000100000000)
  region size 1024K, 60 young (61440K), 6 survivors (6144K)
 Metaspace       used 49436K, capacity 49987K, committed 50048K, reserved 1093632K
  class space    used 5765K, capacity 5998K, committed 6016K, reserved 1048576K
}
Event: 4.411 GC heap after
{Heap after GC invocations=8 (full 0):
 garbage-first heap   total 154624K, used 35751K [0x0000000084a00000, 0x0000000100000000)
  region size 1024K, 8 young (8192K), 8 survivors (8192K)
 Metaspace       used 49436K, capacity 49987K, committed 50048K, reserved 1093632K
  class space    used 5765K, capacity 5998K, committed 6016K, reserved 1048576K
}
Event: 5.734 GC heap before
{Heap before GC invocations=8 (full 0):
 garbage-first heap   total 154624K, used 93095K [0x0000000084a00000, 0x0000000100000000)
  region size 1024K, 64 young (65536K), 8 survivors (8192K)
 Metaspace       used 58715K, capacity 59482K, committed 59648K, reserved 1101824K
  class space    used 6767K, capacity 7099K, committed 7168K, reserved 1048576K
}
Event: 5.792 GC heap after
{Heap after GC invocations=9 (full 0):
 garbage-first heap   total 154624K, used 43640K [0x0000000084a00000, 0x0000000100000000)
  region size 1024K, 8 young (8192K), 8 survivors (8192K)
 Metaspace       used 58715K, capacity 59482K, committed 59648K, reserved 1101824K
  class space    used 6767K, capacity 7099K, committed 7168K, reserved 1048576K
}
Event: 5.832 GC heap before
{Heap before GC invocations=9 (full 0):
 garbage-first heap   total 154624K, used 44664K [0x0000000084a00000, 0x0000000100000000)
  region size 1024K, 10 young (10240K), 8 survivors (8192K)
 Metaspace       used 58845K, capacity 59552K, committed 59648K, reserved 1101824K
  class space    used 6778K, capacity 7100K, committed 7168K, reserved 1048576K
}
Event: 5.848 GC heap after
{Heap after GC invocations=10 (full 0):
 garbage-first heap   total 154624K, used 45553K [0x0000000084a00000, 0x0000000100000000)
  region size 1024K, 2 young (2048K), 2 survivors (2048K)
 Metaspace       used 58845K, capacity 59552K, committed 59648K, reserved 1101824K
  class space    used 6778K, capacity 7100K, committed 7168K, reserved 1048576K
}
Event: 6.271 GC heap before
{Heap before GC invocations=11 (full 0):
 garbage-first heap   total 154624K, used 91633K [0x0000000084a00000, 0x0000000100000000)
  region size 1024K, 47 young (48128K), 2 survivors (2048K)
 Metaspace       used 59481K, capacity 60236K, committed 60416K, reserved 1101824K
  class space    used 6809K, capacity 7135K, committed 7168K, reserved 1048576K
}

Deoptimization events (10 events):
Event: 5.025 Thread 0x0000011de6f82000 Uncommon trap: reason=class_check action=maybe_recompile pc=0x0000011df63b6644 method=gnu.trove.TIntObjectHashMap.index(I)I @ 28 c2
Event: 5.026 Thread 0x0000011de6f82000 Uncommon trap: reason=class_check action=maybe_recompile pc=0x0000011df63b6644 method=gnu.trove.TIntObjectHashMap.index(I)I @ 28 c2
Event: 5.462 Thread 0x0000011de6f82000 Uncommon trap: reason=profile_predicate action=maybe_recompile pc=0x0000011df62d6ae0 method=org.jetbrains.kotlin.com.intellij.openapi.vfs.CharsetToolkit.guessFromContent(II)Lorg/jetbrains/kotlin/com/intellij/openapi/vfs/CharsetToolkit$GuessedEncoding; @ 2
Event: 5.463 Thread 0x0000011de6f82000 Uncommon trap: reason=profile_predicate action=maybe_recompile pc=0x0000011df63bffc4 method=org.jetbrains.kotlin.com.intellij.psi.impl.source.CharTableImpl$StringHashToCharSequencesMap.charSequenceSubSequenceEquals(Ljava/lang/CharSequence;Ljava/lang/CharS
Event: 5.463 Thread 0x0000011de6f82000 Uncommon trap: reason=profile_predicate action=maybe_recompile pc=0x0000011df63bffc4 method=org.jetbrains.kotlin.com.intellij.psi.impl.source.CharTableImpl$StringHashToCharSequencesMap.charSequenceSubSequenceEquals(Ljava/lang/CharSequence;Ljava/lang/CharS
Event: 5.463 Thread 0x0000011de6f82000 Uncommon trap: reason=profile_predicate action=maybe_recompile pc=0x0000011df63bffc4 method=org.jetbrains.kotlin.com.intellij.psi.impl.source.CharTableImpl$StringHashToCharSequencesMap.charSequenceSubSequenceEquals(Ljava/lang/CharSequence;Ljava/lang/CharS
Event: 5.463 Thread 0x0000011de6f82000 Uncommon trap: reason=profile_predicate action=maybe_recompile pc=0x0000011df63bffc4 method=org.jetbrains.kotlin.com.intellij.psi.impl.source.CharTableImpl$StringHashToCharSequencesMap.charSequenceSubSequenceEquals(Ljava/lang/CharSequence;Ljava/lang/CharS
Event: 5.480 Thread 0x0000011de6f82000 Uncommon trap: reason=profile_predicate action=maybe_recompile pc=0x0000011df62d6ae0 method=org.jetbrains.kotlin.com.intellij.openapi.vfs.CharsetToolkit.guessFromContent(II)Lorg/jetbrains/kotlin/com/intellij/openapi/vfs/CharsetToolkit$GuessedEncoding; @ 2
Event: 5.495 Thread 0x0000011de6f82000 Uncommon trap: reason=profile_predicate action=maybe_recompile pc=0x0000011df62d6ae0 method=org.jetbrains.kotlin.com.intellij.openapi.vfs.CharsetToolkit.guessFromContent(II)Lorg/jetbrains/kotlin/com/intellij/openapi/vfs/CharsetToolkit$GuessedEncoding; @ 2
Event: 5.673 Thread 0x0000011de6f82000 Uncommon trap: reason=bimorphic_or_optimized_type_check action=maybe_recompile pc=0x0000011df62e4d94 method=java.util.Collections$UnmodifiableCollection.size()I @ 4 c2

Classes redefined (0 events):
No events

Internal exceptions (10 events):
Event: 4.559 Thread 0x0000011de6f82000 Implicit null exception at 0x0000011df6284ed5 to 0x0000011df62850a8
Event: 4.559 Thread 0x0000011de6f82000 Implicit null exception at 0x0000011df624f9af to 0x0000011df624fa1d
Event: 4.868 Thread 0x0000011de6f82000 Implicit null exception at 0x0000011df6360dbe to 0x0000011df6361314
Event: 5.102 Thread 0x0000011de6f82000 Exception <a 'java/lang/NoSuchMethodError'{0x000000008bb26990}: java.lang.invoke.DirectMethodHandle$Holder.invokeVirtual(Ljava/lang/Object;Ljava/lang/Object;Ljava/lang/Object;)I> (0x000000008bb26990) thrown at [./open/src/hotspot/share/interpreter/linkRes
Event: 5.108 Thread 0x0000011de6f82000 Exception <a 'java/lang/NoSuchMethodError'{0x000000008bb66938}: java.lang.invoke.DirectMethodHandle$Holder.invokeSpecial(Ljava/lang/Object;Ljava/lang/Object;Ljava/lang/Object;Ljava/lang/Object;Ljava/lang/Object;I)Ljava/lang/Object;> (0x000000008bb66938) t
Event: 5.108 Thread 0x0000011de6f82000 Exception <a 'java/lang/NoSuchMethodError'{0x000000008bb6a228}: java.lang.invoke.Invokers$Holder.linkToTargetMethod(Ljava/lang/Object;Ljava/lang/Object;Ljava/lang/Object;ILjava/lang/Object;)Ljava/lang/Object;> (0x000000008bb6a228) thrown at [./open/src/ho
Event: 5.121 Thread 0x0000011de6f82000 Exception <a 'java/lang/NoSuchMethodError'{0x000000008ba102b0}: java.lang.invoke.DirectMethodHandle$Holder.invokeStaticInit(Ljava/lang/Object;Ljava/lang/Object;Ljava/lang/Object;)Ljava/lang/Object;> (0x000000008ba102b0) thrown at [./open/src/hotspot/share
Event: 5.183 Thread 0x0000011de6f82000 Exception <a 'java/lang/NoSuchMethodError'{0x000000008b972c90}: java.lang.invoke.DirectMethodHandle$Holder.invokeStatic(Ljava/lang/Object;Ljava/lang/Object;Ljava/lang/Object;Ljava/lang/Object;Ljava/lang/Object;)I> (0x000000008b972c90) thrown at [./open/sr
Event: 5.223 Thread 0x0000011de6f82000 Exception <a 'java/lang/NoSuchMethodError'{0x000000008b8d92c0}: java.lang.invoke.DirectMethodHandle$Holder.invokeInterface(Ljava/lang/Object;Ljava/lang/Object;)V> (0x000000008b8d92c0) thrown at [./open/src/hotspot/share/interpreter/linkResolver.cpp, line 
Event: 5.926 Thread 0x0000011de6f82000 Exception <a 'java/lang/NoSuchMethodError'{0x000000008db01208}: java.lang.invoke.DirectMethodHandle$Holder.invokeInterface(Ljava/lang/Object;Ljava/lang/Object;)I> (0x000000008db01208) thrown at [./open/src/hotspot/share/interpreter/linkResolver.cpp, line 

Events (10 events):
Event: 6.186 loading class org/jetbrains/kotlin/load/java/lazy/descriptors/LazyJavaScope$resolveProperty$1$1 done
Event: 6.186 loading class org/jetbrains/kotlin/load/java/structure/impl/JavaFieldImpl
Event: 6.186 loading class org/jetbrains/kotlin/load/java/structure/impl/JavaFieldImpl done
Event: 6.191 loading class org/jetbrains/kotlin/load/java/lazy/descriptors/LazyJavaClassMemberScope$computeNonDeclaredProperties$1
Event: 6.191 loading class org/jetbrains/kotlin/load/java/lazy/descriptors/LazyJavaClassMemberScope$computeNonDeclaredProperties$1 done
Event: 6.192 loading class org/jetbrains/kotlin/load/java/lazy/descriptors/LazyJavaClassMemberScope$computeNonDeclaredProperties$2
Event: 6.192 loading class org/jetbrains/kotlin/load/java/lazy/descriptors/LazyJavaClassMemberScope$computeNonDeclaredProperties$2 done
Event: 6.243 Executing VM operation: ICBufferFull
Event: 6.243 Executing VM operation: ICBufferFull done
Event: 6.271 Executing VM operation: G1CollectForAllocation


Dynamic libraries:
0x00007ff794a10000 - 0x00007ff794a20000 	C:\Program Files\Java\jdk-11\bin\java.exe
0x00007ffe80010000 - 0x00007ffe80224000 	C:\Windows\SYSTEM32\ntdll.dll
0x00007ffe7ea00000 - 0x00007ffe7eac4000 	C:\Windows\System32\KERNEL32.DLL
0x00007ffe7d720000 - 0x00007ffe7dac4000 	C:\Windows\System32\KERNELBASE.dll
0x00007ffe7dad0000 - 0x00007ffe7dbe1000 	C:\Windows\System32\ucrtbase.dll
0x00007ffdf3940000 - 0x00007ffdf3958000 	C:\Program Files\Java\jdk-11\bin\jli.dll
0x00007ffe7fde0000 - 0x00007ffe7fe90000 	C:\Windows\System32\ADVAPI32.dll
0x00007ffe7dde0000 - 0x00007ffe7de87000 	C:\Windows\System32\msvcrt.dll
0x00007ffe7e740000 - 0x00007ffe7e7e6000 	C:\Windows\System32\sechost.dll
0x00007ffe7ec40000 - 0x00007ffe7ed57000 	C:\Windows\System32\RPCRT4.dll
0x00007ffdf3920000 - 0x00007ffdf393b000 	C:\Program Files\Java\jdk-11\bin\VCRUNTIME140.dll
0x00007ffe7e7f0000 - 0x00007ffe7e99a000 	C:\Windows\System32\USER32.dll
0x00007ffe7dcb0000 - 0x00007ffe7dcd6000 	C:\Windows\System32\win32u.dll
0x00007ffe64210000 - 0x00007ffe6449f000 	C:\Windows\WinSxS\amd64_microsoft.windows.common-controls_6595b64144ccf1df_6.0.22621.2070_none_2713e6537381f706\COMCTL32.dll
0x00007ffe7f230000 - 0x00007ffe7f259000 	C:\Windows\System32\GDI32.dll
0x00007ffe7d3f0000 - 0x00007ffe7d509000 	C:\Windows\System32\gdi32full.dll
0x00007ffe7d510000 - 0x00007ffe7d5aa000 	C:\Windows\System32\msvcp_win.dll
0x00007ffe761c0000 - 0x00007ffe761ca000 	C:\Windows\SYSTEM32\VERSION.dll
0x00007ffe7dfe0000 - 0x00007ffe7e011000 	C:\Windows\System32\IMM32.DLL
0x00007ffdf4b20000 - 0x00007ffdf4b2c000 	C:\Program Files\Java\jdk-11\bin\vcruntime140_1.dll
0x00007ffdf3800000 - 0x00007ffdf388e000 	C:\Program Files\Java\jdk-11\bin\msvcp140.dll
0x00007ffdef450000 - 0x00007ffdeffb8000 	C:\Program Files\Java\jdk-11\bin\server\jvm.dll
0x00007ffe7fdd0000 - 0x00007ffe7fdd8000 	C:\Windows\System32\PSAPI.DLL
0x00007ffdf37f0000 - 0x00007ffdf37f9000 	C:\Windows\SYSTEM32\WSOCK32.dll
0x00007ffe7fbb0000 - 0x00007ffe7fc21000 	C:\Windows\System32\WS2_32.dll
0x00007ffe75250000 - 0x00007ffe75284000 	C:\Windows\SYSTEM32\WINMM.dll
0x00007ffe7c4d0000 - 0x00007ffe7c4e8000 	C:\Windows\SYSTEM32\kernel.appcore.dll
0x00007ffdf37e0000 - 0x00007ffdf37f0000 	C:\Program Files\Java\jdk-11\bin\verify.dll
0x00007ffe7ad70000 - 0x00007ffe7af9e000 	C:\Windows\SYSTEM32\DBGHELP.DLL
0x00007ffe7ee40000 - 0x00007ffe7f1ca000 	C:\Windows\System32\combase.dll
0x00007ffe7e660000 - 0x00007ffe7e737000 	C:\Windows\System32\OLEAUT32.dll
0x00007ffe61b90000 - 0x00007ffe61bc2000 	C:\Windows\SYSTEM32\dbgcore.DLL
0x00007ffe7dce0000 - 0x00007ffe7dd5a000 	C:\Windows\System32\bcryptPrimitives.dll
0x00007ffdf37b0000 - 0x00007ffdf37d8000 	C:\Program Files\Java\jdk-11\bin\java.dll
0x00007ffdf37a0000 - 0x00007ffdf37aa000 	C:\Program Files\Java\jdk-11\bin\jimage.dll
0x00007ffdf3780000 - 0x00007ffdf3797000 	C:\Program Files\Java\jdk-11\bin\zip.dll
0x00007ffe7f390000 - 0x00007ffe7fba6000 	C:\Windows\System32\SHELL32.dll
0x00007ffe7b370000 - 0x00007ffe7bc5a000 	C:\Windows\SYSTEM32\windows.storage.dll
0x00007ffe7b230000 - 0x00007ffe7b36e000 	C:\Windows\SYSTEM32\wintypes.dll
0x00007ffe7de90000 - 0x00007ffe7df83000 	C:\Windows\System32\SHCORE.dll
0x00007ffe7f1d0000 - 0x00007ffe7f22e000 	C:\Windows\System32\shlwapi.dll
0x00007ffe7d320000 - 0x00007ffe7d346000 	C:\Windows\SYSTEM32\profapi.dll
0x00007ffdf3510000 - 0x00007ffdf3529000 	C:\Program Files\Java\jdk-11\bin\net.dll
0x00007ffe758c0000 - 0x00007ffe759f7000 	C:\Windows\SYSTEM32\WINHTTP.dll
0x00007ffe7c9a0000 - 0x00007ffe7ca09000 	C:\Windows\system32\mswsock.dll
0x00007ffdf34f0000 - 0x00007ffdf3502000 	C:\Program Files\Java\jdk-11\bin\nio.dll

dbghelp: loaded successfully - version: 4.0.5 - missing functions: none
symbol engine: initialized successfully - sym options: 0x614 - pdb path: .;C:\Program Files\Java\jdk-11\bin;C:\Windows\SYSTEM32;C:\Windows\WinSxS\amd64_microsoft.windows.common-controls_6595b64144ccf1df_6.0.22621.2070_none_2713e6537381f706;C:\Program Files\Java\jdk-11\bin\server

VM Arguments:
java_command: org.jetbrains.kotlin.cli.jvm.K2JVMCompiler @D:\Workspace\intern\youmed\node_modules\react-native-screens\android\build\20230903_2409058885892689646.compiler.options
java_class_path (initial): C:\Users\FPTSHOP\.gradle\caches\modules-2\files-2.1\org.jetbrains.kotlin\kotlin-compiler-embeddable\1.6.21\97bdd5a752ce73b58ef16c17bc7f0ea2faff7a2e\kotlin-compiler-embeddable-1.6.21.jar;C:\Users\FPTSHOP\.gradle\caches\modules-2\files-2.1\org.jetbrains.kotlin\kotlin-reflect\1.6.21\5dc3574d9b7bebfcb4ec6b10ada4aaa9e140bd0b\kotlin-reflect-1.6.21.jar;C:\Users\FPTSHOP\.gradle\caches\modules-2\files-2.1\org.jetbrains.kotlin\kotlin-stdlib\1.6.21\11ef67f1900634fd951bad28c53ec957fabbe5b8\kotlin-stdlib-1.6.21.jar;C:\Users\FPTSHOP\.gradle\caches\modules-2\files-2.1\org.jetbrains.kotlin\kotlin-script-runtime\1.6.21\99c6675100da5d6d5b1c5a1032f27f28008d101b\kotlin-script-runtime-1.6.21.jar;C:\Users\FPTSHOP\.gradle\caches\modules-2\files-2.1\org.jetbrains.kotlin\kotlin-daemon-embeddable\1.6.21\46b78cf392e1c4f10854c3cadba44abb7b82250f\kotlin-daemon-embeddable-1.6.21.jar;C:\Users\FPTSHOP\.gradle\caches\modules-2\files-2.1\org.jetbrains.intellij.deps\trove4j\1.0.20200330\3afb14d5f9ceb459d724e907a21145e8ff394f02\trove4j-1.0.20200330.jar;C:\Users\FPTSHOP\.gradle\caches\modules-2\files-2.1\net.java.dev.jna\jna\5.6.0\330f2244e9030119ab3030fc3fededc86713d9cc\jna-5.6.0.jar;C:\Users\FPTSHOP\.gradle\caches\modules-2\files-2.1\org.jetbrains.kotlin\kotlin-stdlib-common\1.6.21\5e5b55c26dbc80372a920aef60eb774b714559b8\kotlin-stdlib-common-1.6.21.jar;C:\Users\FPTSHOP\.gradle\caches\modules-2\files-2.1\org.jetbrains\annotations\13.0\919f0dfe192fb4e063e7dacadee7f8bb9a2672a9\annotations-13.0.jar
Launcher Type: SUN_STANDARD

[Global flags]
     intx CICompilerCount                          = 12                                        {product} {ergonomic}
     uint ConcGCThreads                            = 3                                         {product} {ergonomic}
     uint G1ConcRefinementThreads                  = 13                                        {product} {ergonomic}
   size_t G1HeapRegionSize                         = 1048576                                   {product} {ergonomic}
    uintx GCDrainStackTargetSize                   = 64                                        {product} {ergonomic}
   size_t InitialHeapSize                          = 130023424                                 {product} {ergonomic}
   size_t MarkStackSize                            = 4194304                                   {product} {ergonomic}
   size_t MaxHeapSize                              = 2069889024                                {product} {ergonomic}
   size_t MaxNewSize                               = 1241513984                                {product} {ergonomic}
   size_t MinHeapDeltaBytes                        = 1048576                                   {product} {ergonomic}
    uintx NonNMethodCodeHeapSize                   = 7594288                                {pd product} {ergonomic}
    uintx NonProfiledCodeHeapSize                  = 122031976                              {pd product} {ergonomic}
    uintx ProfiledCodeHeapSize                     = 122031976                              {pd product} {ergonomic}
    uintx ReservedCodeCacheSize                    = 251658240                              {pd product} {ergonomic}
     bool SegmentedCodeCache                       = true                                      {product} {ergonomic}
     bool UseCompressedClassPointers               = true                                 {lp64_product} {ergonomic}
     bool UseCompressedOops                        = true                                 {lp64_product} {ergonomic}
     bool UseG1GC                                  = true                                      {product} {ergonomic}
     bool UseLargePagesIndividualAllocation        = false                                  {pd product} {ergonomic}

Logging:
Log output configuration:
 #0: stdout all=warning uptime,level,tags
 #1: stderr all=off uptime,level,tags

Environment Variables:
CLASSPATH=D:\Workspace\intern\youmed\android\\gradle\wrapper\gradle-wrapper.jar
PATH=D:\Workspace\intern\youmed\node_modules\.bin;D:\Workspace\intern\youmed\node_modules\.bin;D:\Workspace\intern\node_modules\.bin;D:\Workspace\node_modules\.bin;D:\node_modules\.bin;C:\Users\FPTSHOP\AppData\Roaming\nvm\v18.16.1\node_modules\npm\node_modules\@npmcli\run-script\lib\node-gyp-bin;D:\Workspace\intern\youmed\node_modules\.bin;D:\Workspace\intern\node_modules\.bin;D:\Workspace\node_modules\.bin;D:\node_modules\.bin;C:\Users\FPTSHOP\AppData\Roaming\nvm\v18.16.1\node_modules\npm\node_modules\@npmcli\run-script\lib\node-gyp-bin;C:\Program Files\Microsoft MPI\Bin\;C:\Program Files\Common Files\Oracle\Java\javapath;C:\Windows\system32;C:\Windows;C:\Windows\System32\Wbem;C:\Windows\System32\WindowsPowerShell\v1.0\;C:\Windows\System32\OpenSSH\;C:\Program Files (x86)\NVIDIA Corporation\PhysX\Common;C:\Program Files\NVIDIA Corporation\NVIDIA NvDLISR;C:\Program Files\Git\cmd;C:\Program Files\Java\jdk-11\bin;C:\ProgramData\chocolatey\bin;C:\Program Files\Azure Data Studio\bin;C:\Program Files\dotnet\;C:\Program Files (x86)\Microsoft SQL Server\160\DTS\Binn\;C:\Program Files (x86)\Microsoft SQL Server\160\Tools\Binn\;C:\Program Files\Microsoft SQL Server\160\Tools\Binn\;C:\Program Files\Microsoft SQL Server\Client SDK\ODBC\170\Tools\Binn\;C:\Program Files\Microsoft SQL Server\160\DTS\Binn\;C:\Users\FPTSHOP\anaconda3\Scripts;C:\Users\FPTSHOP\anaconda3\Library\bin;C:\Users\FPTSHOP\AppData\Roaming\nvm;C:\Program Files\nodejs;C:\Users\FPTSHOP\AppData\Local\Programs\Python\Python311\Scripts\;C:\Users\FPTSHOP\AppData\Local\Programs\Python\Python311\;C:\Users\FPTSHOP\AppData\Local\Microsoft\WindowsApps;C:\Users\FPTSHOP\AppData\Local\Programs\Microsoft VS Code\bin;C:\Users\FPTSHOP\AppData\Roaming\npm;C:\Users\FPTSHOP\AppData\Local\Android\Sdk\platform-tools;C:\Users\FPTSHOP\.dotnet\tools;C:\Users\FPTSHOP\OneDrive\Documents\flutter\bin
USERNAME=FPTSHOP
OS=Windows_NT
PROCESSOR_IDENTIFIER=Intel64 Family 6 Model 141 Stepping 1, GenuineIntel



---------------  S Y S T E M  ---------------

OS: Windows 11 , 64 bit Build 22621 (10.0.22621.2070)
Hyper-V role detected

CPU:total 16 (initial active 16) (8 cores per cpu, 2 threads per core) family 6 model 141 stepping 1 microcode 0x34, cmov, cx8, fxsr, mmx, sse, sse2, sse3, ssse3, sse4.1, sse4.2, popcnt, avx, avx2, aes, clmul, erms, 3dnowpref, lzcnt, ht, tsc, tscinvbit, bmi1, bmi2, adx, evex, sha, fma

Memory: 4k page, system-wide physical 7893M (324M free)
TotalPageFile size 26643M (AvailPageFile size 22M)
current process WorkingSet (physical memory assigned to process): 296M, peak: 297M
current process commit charge ("private bytes"): 366M, peak: 417M

vm_info: Java HotSpot(TM) 64-Bit Server VM (11.0.18+9-LTS-195) for windows-amd64 JRE (11.0.18+9-LTS-195), built on Dec  6 2022 15:50:58 by "mach5one" with MS VC++ 17.1 (VS2022)

END.
