#
# There is insufficient memory for the Java Runtime Environment to continue.
# Native memory allocation (malloc) failed to allocate 1874736 bytes for Chunk::new
# Possible reasons:
#   The system is out of physical RAM or swap space
#   The process is running with CompressedOops enabled, and the Java Heap may be blocking the growth of the native heap
# Possible solutions:
#   Reduce memory load on the system
#   Increase physical memory or swap space
#   Check if swap backing store is full
#   Decrease Java heap size (-Xmx/-Xms)
#   Decrease number of Java threads
#   Decrease Java thread stack sizes (-Xss)
#   Set larger code cache with -XX:ReservedCodeCacheSize=
#   JVM is running with Unscaled Compressed Oops mode in which the Java heap is
#     placed in the first 4GB address space. The Java Heap base address is the
#     maximum limit for the native heap growth. Please use -XX:HeapBaseMinAddress
#     to set the Java Heap base and to place the Java Heap above 4GB virtual address.
# This output file may be truncated or incomplete.
#
#  Out of Memory Error (./open/src/hotspot/share/memory/arena.cpp:197), pid=8248, tid=5668
#
# JRE version: Java(TM) SE Runtime Environment 18.9 (11.0.18+9) (build 11.0.18+9-LTS-195)
# Java VM: Java HotSpot(TM) 64-Bit Server VM 18.9 (11.0.18+9-LTS-195, mixed mode, tiered, compressed oops, g1 gc, windows-amd64)
# No core dump will be written. Minidumps are not enabled by default on client versions of Windows
#

---------------  S U M M A R Y ------------

Command Line: org.jetbrains.kotlin.cli.jvm.K2JVMCompiler @D:\Workspace\intern\youmed\node_modules\react-native-screens\android\build\20230902_1143479242232806613.compiler.options

Host: 11th Gen Intel(R) Core(TM) i7-11800H @ 2.30GHz, 16 cores, 7G,  Windows 11 , 64 bit Build 22621 (10.0.22621.2070)
Time: Sat Sep  2 08:53:05 2023 SE Asia Standard Time elapsed time: 26.865540 seconds (0d 0h 0m 26s)

---------------  T H R E A D  ---------------

Current thread (0x000001f1fbf62800):  JavaThread "C2 CompilerThread0" daemon [_thread_in_native, id=5668, stack(0x0000004046f00000,0x0000004047000000)]


Current CompileTask:
C2:  26865 16631       4       org.jetbrains.kotlin.ir.util.TypeTranslator::translateType (623 bytes)

Stack: [0x0000004046f00000,0x0000004047000000]
Native frames: (J=compiled Java code, j=interpreted, Vv=VM code, C=native code)
V  [jvm.dll+0x65d8aa]
V  [jvm.dll+0x79fc1f]
V  [jvm.dll+0x7a12e9]
V  [jvm.dll+0x7a1983]
V  [jvm.dll+0x2585b5]
V  [jvm.dll+0xb284c]
V  [jvm.dll+0xb2e0c]
V  [jvm.dll+0x365e21]
V  [jvm.dll+0x32eb15]
V  [jvm.dll+0x32defa]
V  [jvm.dll+0x2113ad]
V  [jvm.dll+0x210378]
V  [jvm.dll+0x18c641]
V  [jvm.dll+0x220609]
V  [jvm.dll+0x21e92c]
V  [jvm.dll+0x763f61]
V  [jvm.dll+0x75c924]
V  [jvm.dll+0x65c755]
C  [ucrtbase.dll+0x29363]
C  [KERNEL32.DLL+0x126ad]
C  [ntdll.dll+0x5aa68]


---------------  P R O C E S S  ---------------

Threads class SMR info:
_java_thread_list=0x000001f1fe10b150, length=13, elements={
0x000001f1ebe51800, 0x000001f1fb6cd000, 0x000001f1fb6ce800, 0x000001f1fbf5d000,
0x000001f1fbf5e000, 0x000001f1fbf60000, 0x000001f1fbf62800, 0x000001f1fbfb5800,
0x000001f1fbfd7800, 0x000001f1fc0ce800, 0x000001f1fc0e5800, 0x000001f1fc75e800,
0x000001f1fc7e2800
}

Java Threads: ( => current thread )
  0x000001f1ebe51800 JavaThread "main" [_thread_in_Java, id=2324, stack(0x0000004046200000,0x0000004046300000)]
  0x000001f1fb6cd000 JavaThread "Reference Handler" daemon [_thread_blocked, id=24092, stack(0x0000004046a00000,0x0000004046b00000)]
  0x000001f1fb6ce800 JavaThread "Finalizer" daemon [_thread_blocked, id=20420, stack(0x0000004046b00000,0x0000004046c00000)]
  0x000001f1fbf5d000 JavaThread "Signal Dispatcher" daemon [_thread_blocked, id=10848, stack(0x0000004046c00000,0x0000004046d00000)]
  0x000001f1fbf5e000 JavaThread "Attach Listener" daemon [_thread_blocked, id=32808, stack(0x0000004046d00000,0x0000004046e00000)]
  0x000001f1fbf60000 JavaThread "Service Thread" daemon [_thread_blocked, id=11184, stack(0x0000004046e00000,0x0000004046f00000)]
=>0x000001f1fbf62800 JavaThread "C2 CompilerThread0" daemon [_thread_in_native, id=5668, stack(0x0000004046f00000,0x0000004047000000)]
  0x000001f1fbfb5800 JavaThread "C1 CompilerThread0" daemon [_thread_blocked, id=8532, stack(0x0000004047000000,0x0000004047100000)]
  0x000001f1fbfd7800 JavaThread "Sweeper thread" daemon [_thread_blocked, id=9568, stack(0x0000004047100000,0x0000004047200000)]
  0x000001f1fc0ce800 JavaThread "C1 CompilerThread1" daemon [_thread_blocked, id=4416, stack(0x0000004047200000,0x0000004047300000)]
  0x000001f1fc0e5800 JavaThread "Common-Cleaner" daemon [_thread_blocked, id=18584, stack(0x0000004047400000,0x0000004047500000)]
  0x000001f1fc75e800 JavaThread "C1 CompilerThread2" daemon [_thread_blocked, id=8236, stack(0x0000004047500000,0x0000004047600000)]
  0x000001f1fc7e2800 JavaThread "C1 CompilerThread3" daemon [_thread_blocked, id=33344, stack(0x0000004047900000,0x0000004047a00000)]

Other Threads:
  0x000001f1fb6c8800 VMThread "VM Thread" [stack: 0x0000004046900000,0x0000004046a00000] [id=11552]
  0x000001f1fc0dc800 WatcherThread [stack: 0x0000004047300000,0x0000004047400000] [id=25532]
  0x000001f1ebe66000 GCTaskThread "GC Thread#0" [stack: 0x0000004046400000,0x0000004046500000] [id=15196]
  0x000001f1fc838800 GCTaskThread "GC Thread#1" [stack: 0x0000004047600000,0x0000004047700000] [id=20352]
  0x000001f1fdd51800 GCTaskThread "GC Thread#2" [stack: 0x0000004047a00000,0x0000004047b00000] [id=12488]
  0x000001f1fdd4e000 GCTaskThread "GC Thread#3" [stack: 0x0000004047b00000,0x0000004047c00000] [id=17252]
  0x000001f1fded8000 GCTaskThread "GC Thread#4" [stack: 0x0000004047f00000,0x0000004048000000] [id=28356]
  0x000001f1ebe96000 ConcurrentGCThread "G1 Main Marker" [stack: 0x0000004046500000,0x0000004046600000] [id=32220]
  0x000001f1ebe99000 ConcurrentGCThread "G1 Conc#0" [stack: 0x0000004046600000,0x0000004046700000] [id=31924]
  0x000001f1fd3fc000 ConcurrentGCThread "G1 Conc#1" [stack: 0x0000004047700000,0x0000004047800000] [id=33676]
  0x000001f1fcb4b000 ConcurrentGCThread "G1 Conc#2" [stack: 0x0000004047800000,0x0000004047900000] [id=13568]
  0x000001f1fb524800 ConcurrentGCThread "G1 Refine#0" [stack: 0x0000004046700000,0x0000004046800000] [id=23944]
  0x000001f1fe05c800 ConcurrentGCThread "G1 Refine#1" [stack: 0x0000004047c00000,0x0000004047d00000] [id=31732]
  0x000001f1fe05d800 ConcurrentGCThread "G1 Refine#2" [stack: 0x0000004047d00000,0x0000004047e00000] [id=30724]
  0x000001f1fcb2d000 ConcurrentGCThread "G1 Refine#3" [stack: 0x0000004047e00000,0x0000004047f00000] [id=32356]
  0x000001f1fb527800 ConcurrentGCThread "G1 Young RemSet Sampling" [stack: 0x0000004046800000,0x0000004046900000] [id=28408]

Threads with active compile tasks:
C2 CompilerThread0    26903 16631       4       org.jetbrains.kotlin.ir.util.TypeTranslator::translateType (623 bytes)

VM state:not at safepoint (normal execution)

VM Mutex/Monitor currently owned by a thread: None

Heap address: 0x0000000084a00000, size: 1974 MB, Compressed Oops mode: 32-bit
Narrow klass base: 0x0000000000000000, Narrow klass shift: 3
Compressed class space size: 1073741824 Address: 0x0000000100000000

Heap:
 garbage-first heap   total 243712K, used 136256K [0x0000000084a00000, 0x0000000100000000)
  region size 1024K, 38 young (38912K), 13 survivors (13312K)
 Metaspace       used 77702K, capacity 78551K, committed 78848K, reserved 1120256K
  class space    used 8295K, capacity 8660K, committed 8704K, reserved 1048576K
Heap Regions: E=young(eden), S=young(survivor), O=old, HS=humongous(starts), HC=humongous(continues), CS=collection set, F=free, A=archive, TAMS=top-at-mark-start (previous, next)
|   0|0x0000000084a00000, 0x0000000084b00000, 0x0000000084b00000|100%|HS|  |TAMS 0x0000000084b00000, 0x0000000084a00000| Complete 
|   1|0x0000000084b00000, 0x0000000084c00000, 0x0000000084c00000|100%|HC|  |TAMS 0x0000000084c00000, 0x0000000084b00000| Complete 
|   2|0x0000000084c00000, 0x0000000084d00000, 0x0000000084d00000|100%|HC|  |TAMS 0x0000000084d00000, 0x0000000084c00000| Complete 
|   3|0x0000000084d00000, 0x0000000084e00000, 0x0000000084e00000|100%|HS|  |TAMS 0x0000000084e00000, 0x0000000084d00000| Complete 
|   4|0x0000000084e00000, 0x0000000084f00000, 0x0000000084f00000|100%|HC|  |TAMS 0x0000000084f00000, 0x0000000084e00000| Complete 
|   5|0x0000000084f00000, 0x0000000085000000, 0x0000000085000000|100%|HC|  |TAMS 0x0000000085000000, 0x0000000084f00000| Complete 
|   6|0x0000000085000000, 0x0000000085100000, 0x0000000085100000|100%|HS|  |TAMS 0x0000000085100000, 0x0000000085000000| Complete 
|   7|0x0000000085100000, 0x0000000085200000, 0x0000000085200000|100%|HC|  |TAMS 0x0000000085200000, 0x0000000085100000| Complete 
|   8|0x0000000085200000, 0x0000000085300000, 0x0000000085300000|100%| O|  |TAMS 0x0000000085300000, 0x0000000085200000| Untracked 
|   9|0x0000000085300000, 0x0000000085400000, 0x0000000085400000|100%| O|  |TAMS 0x0000000085400000, 0x0000000085300000| Untracked 
|  10|0x0000000085400000, 0x0000000085500000, 0x0000000085500000|100%| O|  |TAMS 0x0000000085500000, 0x0000000085400000| Untracked 
|  11|0x0000000085500000, 0x0000000085600000, 0x0000000085600000|100%| O|  |TAMS 0x0000000085600000, 0x0000000085500000| Untracked 
|  12|0x0000000085600000, 0x0000000085700000, 0x0000000085700000|100%| O|  |TAMS 0x0000000085700000, 0x0000000085600000| Untracked 
|  13|0x0000000085700000, 0x0000000085800000, 0x0000000085800000|100%| O|  |TAMS 0x0000000085800000, 0x0000000085700000| Untracked 
|  14|0x0000000085800000, 0x0000000085900000, 0x0000000085900000|100%| O|  |TAMS 0x0000000085900000, 0x0000000085800000| Untracked 
|  15|0x0000000085900000, 0x0000000085a00000, 0x0000000085a00000|100%| O|  |TAMS 0x0000000085a00000, 0x0000000085900000| Untracked 
|  16|0x0000000085a00000, 0x0000000085b00000, 0x0000000085b00000|100%| O|  |TAMS 0x0000000085b00000, 0x0000000085a00000| Untracked 
|  17|0x0000000085b00000, 0x0000000085c00000, 0x0000000085c00000|100%| O|  |TAMS 0x0000000085c00000, 0x0000000085b00000| Untracked 
|  18|0x0000000085c00000, 0x0000000085d00000, 0x0000000085d00000|100%| O|  |TAMS 0x0000000085d00000, 0x0000000085c00000| Untracked 
|  19|0x0000000085d00000, 0x0000000085e00000, 0x0000000085e00000|100%| O|  |TAMS 0x0000000085e00000, 0x0000000085d00000| Untracked 
|  20|0x0000000085e00000, 0x0000000085f00000, 0x0000000085f00000|100%| O|  |TAMS 0x0000000085f00000, 0x0000000085e00000| Untracked 
|  21|0x0000000085f00000, 0x0000000086000000, 0x0000000086000000|100%| O|  |TAMS 0x0000000086000000, 0x0000000085f00000| Untracked 
|  22|0x0000000086000000, 0x0000000086100000, 0x0000000086100000|100%| O|  |TAMS 0x0000000086100000, 0x0000000086000000| Untracked 
|  23|0x0000000086100000, 0x0000000086200000, 0x0000000086200000|100%| O|  |TAMS 0x0000000086200000, 0x0000000086100000| Untracked 
|  24|0x0000000086200000, 0x0000000086300000, 0x0000000086300000|100%| O|  |TAMS 0x0000000086300000, 0x0000000086200000| Untracked 
|  25|0x0000000086300000, 0x0000000086400000, 0x0000000086400000|100%| O|  |TAMS 0x0000000086400000, 0x0000000086300000| Untracked 
|  26|0x0000000086400000, 0x0000000086500000, 0x0000000086500000|100%| O|  |TAMS 0x0000000086500000, 0x0000000086400000| Untracked 
|  27|0x0000000086500000, 0x0000000086600000, 0x0000000086600000|100%| O|  |TAMS 0x0000000086600000, 0x0000000086500000| Untracked 
|  28|0x0000000086600000, 0x0000000086700000, 0x0000000086700000|100%| O|  |TAMS 0x0000000086700000, 0x0000000086600000| Untracked 
|  29|0x0000000086700000, 0x0000000086800000, 0x0000000086800000|100%| O|  |TAMS 0x0000000086800000, 0x0000000086700000| Untracked 
|  30|0x0000000086800000, 0x0000000086900000, 0x0000000086900000|100%| O|  |TAMS 0x0000000086900000, 0x0000000086800000| Untracked 
|  31|0x0000000086900000, 0x0000000086a00000, 0x0000000086a00000|100%| O|  |TAMS 0x0000000086973a00, 0x0000000086900000| Untracked 
|  32|0x0000000086a00000, 0x0000000086b00000, 0x0000000086b00000|100%| O|  |TAMS 0x0000000086a00000, 0x0000000086a00000| Untracked 
|  33|0x0000000086b00000, 0x0000000086c00000, 0x0000000086c00000|100%| O|  |TAMS 0x0000000086b00000, 0x0000000086b00000| Untracked 
|  34|0x0000000086c00000, 0x0000000086d00000, 0x0000000086d00000|100%| O|  |TAMS 0x0000000086c00000, 0x0000000086c00000| Untracked 
|  35|0x0000000086d00000, 0x0000000086e00000, 0x0000000086e00000|100%| O|  |TAMS 0x0000000086d00000, 0x0000000086d00000| Untracked 
|  36|0x0000000086e00000, 0x0000000086f00000, 0x0000000086f00000|100%| O|  |TAMS 0x0000000086e00000, 0x0000000086e00000| Untracked 
|  37|0x0000000086f00000, 0x0000000087000000, 0x0000000087000000|100%| O|  |TAMS 0x0000000086f00000, 0x0000000086f00000| Untracked 
|  38|0x0000000087000000, 0x0000000087100000, 0x0000000087100000|100%| O|  |TAMS 0x0000000087000000, 0x0000000087000000| Untracked 
|  39|0x0000000087100000, 0x0000000087200000, 0x0000000087200000|100%| O|  |TAMS 0x0000000087100000, 0x0000000087100000| Untracked 
|  40|0x0000000087200000, 0x0000000087300000, 0x0000000087300000|100%| O|  |TAMS 0x0000000087200000, 0x0000000087200000| Untracked 
|  41|0x0000000087300000, 0x0000000087400000, 0x0000000087400000|100%| O|  |TAMS 0x0000000087300000, 0x0000000087300000| Untracked 
|  42|0x0000000087400000, 0x0000000087500000, 0x0000000087500000|100%| O|  |TAMS 0x0000000087400000, 0x0000000087400000| Untracked 
|  43|0x0000000087500000, 0x0000000087600000, 0x0000000087600000|100%| O|  |TAMS 0x0000000087500000, 0x0000000087500000| Untracked 
|  44|0x0000000087600000, 0x0000000087700000, 0x0000000087700000|100%| O|  |TAMS 0x0000000087600000, 0x0000000087600000| Untracked 
|  45|0x0000000087700000, 0x0000000087800000, 0x0000000087800000|100%| O|  |TAMS 0x0000000087700000, 0x0000000087700000| Untracked 
|  46|0x0000000087800000, 0x0000000087900000, 0x0000000087900000|100%| O|  |TAMS 0x0000000087800000, 0x0000000087800000| Untracked 
|  47|0x0000000087900000, 0x0000000087a00000, 0x0000000087a00000|100%| O|  |TAMS 0x0000000087900000, 0x0000000087900000| Untracked 
|  48|0x0000000087a00000, 0x0000000087b00000, 0x0000000087b00000|100%| O|  |TAMS 0x0000000087a00000, 0x0000000087a00000| Untracked 
|  49|0x0000000087b00000, 0x0000000087c00000, 0x0000000087c00000|100%| O|  |TAMS 0x0000000087b00000, 0x0000000087b00000| Untracked 
|  50|0x0000000087c00000, 0x0000000087d00000, 0x0000000087d00000|100%| O|  |TAMS 0x0000000087c00000, 0x0000000087c00000| Untracked 
|  51|0x0000000087d00000, 0x0000000087e00000, 0x0000000087e00000|100%| O|  |TAMS 0x0000000087d00000, 0x0000000087d00000| Untracked 
|  52|0x0000000087e00000, 0x0000000087f00000, 0x0000000087f00000|100%| O|  |TAMS 0x0000000087e00000, 0x0000000087e00000| Untracked 
|  53|0x0000000087f00000, 0x0000000088000000, 0x0000000088000000|100%| O|  |TAMS 0x0000000087f00000, 0x0000000087f00000| Untracked 
|  54|0x0000000088000000, 0x0000000088100000, 0x0000000088100000|100%| O|  |TAMS 0x0000000088000000, 0x0000000088000000| Untracked 
|  55|0x0000000088100000, 0x0000000088200000, 0x0000000088200000|100%| O|  |TAMS 0x0000000088100000, 0x0000000088100000| Untracked 
|  56|0x0000000088200000, 0x0000000088300000, 0x0000000088300000|100%| O|  |TAMS 0x0000000088200000, 0x0000000088200000| Untracked 
|  57|0x0000000088300000, 0x0000000088400000, 0x0000000088400000|100%| O|  |TAMS 0x0000000088300000, 0x0000000088300000| Untracked 
|  58|0x0000000088400000, 0x0000000088500000, 0x0000000088500000|100%| O|  |TAMS 0x0000000088400000, 0x0000000088400000| Untracked 
|  59|0x0000000088500000, 0x0000000088600000, 0x0000000088600000|100%| O|  |TAMS 0x0000000088500000, 0x0000000088500000| Untracked 
|  60|0x0000000088600000, 0x0000000088700000, 0x0000000088700000|100%| O|  |TAMS 0x0000000088600000, 0x0000000088600000| Untracked 
|  61|0x0000000088700000, 0x0000000088800000, 0x0000000088800000|100%| O|  |TAMS 0x0000000088700000, 0x0000000088700000| Untracked 
|  62|0x0000000088800000, 0x0000000088900000, 0x0000000088900000|100%| O|  |TAMS 0x0000000088800000, 0x0000000088800000| Untracked 
|  63|0x0000000088900000, 0x0000000088a00000, 0x0000000088a00000|100%| O|  |TAMS 0x0000000088900000, 0x0000000088900000| Untracked 
|  64|0x0000000088a00000, 0x0000000088b00000, 0x0000000088b00000|100%|HS|  |TAMS 0x0000000088a00000, 0x0000000088a00000| Complete 
|  65|0x0000000088b00000, 0x0000000088c00000, 0x0000000088c00000|100%|HC|  |TAMS 0x0000000088b00000, 0x0000000088b00000| Complete 
|  66|0x0000000088c00000, 0x0000000088d00000, 0x0000000088d00000|100%| O|  |TAMS 0x0000000088c00000, 0x0000000088c00000| Untracked 
|  67|0x0000000088d00000, 0x0000000088e00000, 0x0000000088e00000|100%| O|  |TAMS 0x0000000088d00000, 0x0000000088d00000| Untracked 
|  68|0x0000000088e00000, 0x0000000088f00000, 0x0000000088f00000|100%| O|  |TAMS 0x0000000088e00000, 0x0000000088e00000| Untracked 
|  69|0x0000000088f00000, 0x0000000089000000, 0x0000000089000000|100%| O|  |TAMS 0x0000000088f00000, 0x0000000088f00000| Untracked 
|  70|0x0000000089000000, 0x0000000089100000, 0x0000000089100000|100%| O|  |TAMS 0x0000000089000000, 0x0000000089000000| Untracked 
|  71|0x0000000089100000, 0x0000000089200000, 0x0000000089200000|100%| O|  |TAMS 0x0000000089100000, 0x0000000089100000| Untracked 
|  72|0x0000000089200000, 0x0000000089300000, 0x0000000089300000|100%| O|  |TAMS 0x0000000089200000, 0x0000000089200000| Untracked 
|  73|0x0000000089300000, 0x0000000089400000, 0x0000000089400000|100%| O|  |TAMS 0x0000000089300000, 0x0000000089300000| Untracked 
|  74|0x0000000089400000, 0x0000000089500000, 0x0000000089500000|100%| O|  |TAMS 0x0000000089400000, 0x0000000089400000| Untracked 
|  75|0x0000000089500000, 0x0000000089600000, 0x0000000089600000|100%| O|  |TAMS 0x0000000089500000, 0x0000000089500000| Untracked 
|  76|0x0000000089600000, 0x0000000089700000, 0x0000000089700000|100%| O|  |TAMS 0x0000000089600000, 0x0000000089600000| Untracked 
|  77|0x0000000089700000, 0x0000000089800000, 0x0000000089800000|100%| O|  |TAMS 0x0000000089700000, 0x0000000089700000| Untracked 
|  78|0x0000000089800000, 0x0000000089900000, 0x0000000089900000|100%| O|  |TAMS 0x0000000089800000, 0x0000000089800000| Untracked 
|  79|0x0000000089900000, 0x0000000089a00000, 0x0000000089a00000|100%| O|  |TAMS 0x0000000089900000, 0x0000000089900000| Untracked 
|  80|0x0000000089a00000, 0x0000000089b00000, 0x0000000089b00000|100%| O|  |TAMS 0x0000000089a00000, 0x0000000089a00000| Untracked 
|  81|0x0000000089b00000, 0x0000000089c00000, 0x0000000089c00000|100%| O|  |TAMS 0x0000000089b00000, 0x0000000089b00000| Untracked 
|  82|0x0000000089c00000, 0x0000000089d00000, 0x0000000089d00000|100%| O|  |TAMS 0x0000000089c00000, 0x0000000089c00000| Untracked 
|  83|0x0000000089d00000, 0x0000000089e00000, 0x0000000089e00000|100%| O|  |TAMS 0x0000000089d00000, 0x0000000089d00000| Untracked 
|  84|0x0000000089e00000, 0x0000000089f00000, 0x0000000089f00000|100%| O|  |TAMS 0x0000000089e00000, 0x0000000089e00000| Untracked 
|  85|0x0000000089f00000, 0x000000008a000000, 0x000000008a000000|100%| O|  |TAMS 0x0000000089f00000, 0x0000000089f00000| Untracked 
|  86|0x000000008a000000, 0x000000008a100000, 0x000000008a100000|100%| O|  |TAMS 0x000000008a000000, 0x000000008a000000| Untracked 
|  87|0x000000008a100000, 0x000000008a200000, 0x000000008a200000|100%| O|  |TAMS 0x000000008a100000, 0x000000008a100000| Untracked 
|  88|0x000000008a200000, 0x000000008a300000, 0x000000008a300000|100%| O|  |TAMS 0x000000008a200000, 0x000000008a200000| Untracked 
|  89|0x000000008a300000, 0x000000008a400000, 0x000000008a400000|100%| O|  |TAMS 0x000000008a300000, 0x000000008a300000| Untracked 
|  90|0x000000008a400000, 0x000000008a500000, 0x000000008a500000|100%| O|  |TAMS 0x000000008a400000, 0x000000008a400000| Untracked 
|  91|0x000000008a500000, 0x000000008a600000, 0x000000008a600000|100%| O|  |TAMS 0x000000008a500000, 0x000000008a500000| Untracked 
|  92|0x000000008a600000, 0x000000008a700000, 0x000000008a700000|100%| O|  |TAMS 0x000000008a600000, 0x000000008a600000| Untracked 
|  93|0x000000008a700000, 0x000000008a800000, 0x000000008a800000|100%| O|  |TAMS 0x000000008a700000, 0x000000008a700000| Untracked 
|  94|0x000000008a800000, 0x000000008a900000, 0x000000008a900000|100%| O|  |TAMS 0x000000008a800000, 0x000000008a800000| Untracked 
|  95|0x000000008a900000, 0x000000008aa00000, 0x000000008aa00000|100%| O|  |TAMS 0x000000008a900000, 0x000000008a900000| Untracked 
|  96|0x000000008aa00000, 0x000000008aa21600, 0x000000008ab00000| 13%| O|  |TAMS 0x000000008aa00000, 0x000000008aa00000| Untracked 
|  97|0x000000008ab00000, 0x000000008ab00000, 0x000000008ac00000|  0%| F|  |TAMS 0x000000008ab00000, 0x000000008ab00000| Untracked 
|  98|0x000000008ac00000, 0x000000008ac00000, 0x000000008ad00000|  0%| F|  |TAMS 0x000000008ac00000, 0x000000008ac00000| Untracked 
|  99|0x000000008ad00000, 0x000000008ad00000, 0x000000008ae00000|  0%| F|  |TAMS 0x000000008ad00000, 0x000000008ad00000| Untracked 
| 100|0x000000008ae00000, 0x000000008ae00000, 0x000000008af00000|  0%| F|  |TAMS 0x000000008ae00000, 0x000000008ae00000| Untracked 
| 101|0x000000008af00000, 0x000000008af00000, 0x000000008b000000|  0%| F|  |TAMS 0x000000008af00000, 0x000000008af00000| Untracked 
| 102|0x000000008b000000, 0x000000008b000000, 0x000000008b100000|  0%| F|  |TAMS 0x000000008b000000, 0x000000008b000000| Untracked 
| 103|0x000000008b100000, 0x000000008b100000, 0x000000008b200000|  0%| F|  |TAMS 0x000000008b100000, 0x000000008b100000| Untracked 
| 104|0x000000008b200000, 0x000000008b200000, 0x000000008b300000|  0%| F|  |TAMS 0x000000008b200000, 0x000000008b200000| Untracked 
| 105|0x000000008b300000, 0x000000008b300000, 0x000000008b400000|  0%| F|  |TAMS 0x000000008b300000, 0x000000008b300000| Untracked 
| 106|0x000000008b400000, 0x000000008b400000, 0x000000008b500000|  0%| F|  |TAMS 0x000000008b400000, 0x000000008b400000| Untracked 
| 107|0x000000008b500000, 0x000000008b500000, 0x000000008b600000|  0%| F|  |TAMS 0x000000008b500000, 0x000000008b500000| Untracked 
| 108|0x000000008b600000, 0x000000008b600000, 0x000000008b700000|  0%| F|  |TAMS 0x000000008b600000, 0x000000008b600000| Untracked 
| 109|0x000000008b700000, 0x000000008b700000, 0x000000008b800000|  0%| F|  |TAMS 0x000000008b700000, 0x000000008b700000| Untracked 
| 110|0x000000008b800000, 0x000000008b800000, 0x000000008b900000|  0%| F|  |TAMS 0x000000008b800000, 0x000000008b800000| Untracked 
| 111|0x000000008b900000, 0x000000008b900000, 0x000000008ba00000|  0%| F|  |TAMS 0x000000008b900000, 0x000000008b900000| Untracked 
| 112|0x000000008ba00000, 0x000000008ba00000, 0x000000008bb00000|  0%| F|  |TAMS 0x000000008ba00000, 0x000000008ba00000| Untracked 
| 113|0x000000008bb00000, 0x000000008bb00000, 0x000000008bc00000|  0%| F|  |TAMS 0x000000008bb00000, 0x000000008bb00000| Untracked 
| 114|0x000000008bc00000, 0x000000008bc00000, 0x000000008bd00000|  0%| F|  |TAMS 0x000000008bc00000, 0x000000008bc00000| Untracked 
| 115|0x000000008bd00000, 0x000000008bd00000, 0x000000008be00000|  0%| F|  |TAMS 0x000000008bd00000, 0x000000008bd00000| Untracked 
| 116|0x000000008be00000, 0x000000008be00000, 0x000000008bf00000|  0%| F|  |TAMS 0x000000008be00000, 0x000000008be00000| Untracked 
| 117|0x000000008bf00000, 0x000000008bf00000, 0x000000008c000000|  0%| F|  |TAMS 0x000000008bf00000, 0x000000008bf00000| Untracked 
| 118|0x000000008c000000, 0x000000008c000000, 0x000000008c100000|  0%| F|  |TAMS 0x000000008c000000, 0x000000008c000000| Untracked 
| 119|0x000000008c100000, 0x000000008c100000, 0x000000008c200000|  0%| F|  |TAMS 0x000000008c100000, 0x000000008c100000| Untracked 
| 120|0x000000008c200000, 0x000000008c200000, 0x000000008c300000|  0%| F|  |TAMS 0x000000008c200000, 0x000000008c200000| Untracked 
| 121|0x000000008c300000, 0x000000008c300000, 0x000000008c400000|  0%| F|  |TAMS 0x000000008c300000, 0x000000008c300000| Untracked 
| 122|0x000000008c400000, 0x000000008c400000, 0x000000008c500000|  0%| F|  |TAMS 0x000000008c400000, 0x000000008c400000| Untracked 
| 123|0x000000008c500000, 0x000000008c500000, 0x000000008c600000|  0%| F|  |TAMS 0x000000008c500000, 0x000000008c500000| Untracked 
| 124|0x000000008c600000, 0x000000008c6eeb40, 0x000000008c700000| 93%| S|CS|TAMS 0x000000008c600000, 0x000000008c600000| Complete 
| 125|0x000000008c700000, 0x000000008c800000, 0x000000008c800000|100%| S|CS|TAMS 0x000000008c700000, 0x000000008c700000| Complete 
| 126|0x000000008c800000, 0x000000008c900000, 0x000000008c900000|100%| S|CS|TAMS 0x000000008c800000, 0x000000008c800000| Complete 
| 127|0x000000008c900000, 0x000000008ca00000, 0x000000008ca00000|100%| S|CS|TAMS 0x000000008c900000, 0x000000008c900000| Complete 
| 128|0x000000008ca00000, 0x000000008cb00000, 0x000000008cb00000|100%| S|CS|TAMS 0x000000008ca00000, 0x000000008ca00000| Complete 
| 129|0x000000008cb00000, 0x000000008cb00000, 0x000000008cc00000|  0%| F|  |TAMS 0x000000008cb00000, 0x000000008cb00000| Untracked 
| 130|0x000000008cc00000, 0x000000008cc00000, 0x000000008cd00000|  0%| F|  |TAMS 0x000000008cc00000, 0x000000008cc00000| Untracked 
| 131|0x000000008cd00000, 0x000000008cd00000, 0x000000008ce00000|  0%| F|  |TAMS 0x000000008cd00000, 0x000000008cd00000| Untracked 
| 132|0x000000008ce00000, 0x000000008ce00000, 0x000000008cf00000|  0%| F|  |TAMS 0x000000008ce00000, 0x000000008ce00000| Untracked 
| 133|0x000000008cf00000, 0x000000008cf00000, 0x000000008d000000|  0%| F|  |TAMS 0x000000008cf00000, 0x000000008cf00000| Untracked 
| 134|0x000000008d000000, 0x000000008d000000, 0x000000008d100000|  0%| F|  |TAMS 0x000000008d000000, 0x000000008d000000| Untracked 
| 135|0x000000008d100000, 0x000000008d100000, 0x000000008d200000|  0%| F|  |TAMS 0x000000008d100000, 0x000000008d100000| Untracked 
| 136|0x000000008d200000, 0x000000008d200000, 0x000000008d300000|  0%| F|  |TAMS 0x000000008d200000, 0x000000008d200000| Untracked 
| 137|0x000000008d300000, 0x000000008d300000, 0x000000008d400000|  0%| F|  |TAMS 0x000000008d300000, 0x000000008d300000| Untracked 
| 138|0x000000008d400000, 0x000000008d400000, 0x000000008d500000|  0%| F|  |TAMS 0x000000008d400000, 0x000000008d400000| Untracked 
| 139|0x000000008d500000, 0x000000008d500000, 0x000000008d600000|  0%| F|  |TAMS 0x000000008d500000, 0x000000008d500000| Untracked 
| 140|0x000000008d600000, 0x000000008d700000, 0x000000008d700000|100%| S|CS|TAMS 0x000000008d600000, 0x000000008d600000| Complete 
| 141|0x000000008d700000, 0x000000008d800000, 0x000000008d800000|100%| S|CS|TAMS 0x000000008d700000, 0x000000008d700000| Complete 
| 142|0x000000008d800000, 0x000000008d900000, 0x000000008d900000|100%| S|CS|TAMS 0x000000008d800000, 0x000000008d800000| Complete 
| 143|0x000000008d900000, 0x000000008da00000, 0x000000008da00000|100%| S|CS|TAMS 0x000000008d900000, 0x000000008d900000| Complete 
| 144|0x000000008da00000, 0x000000008db00000, 0x000000008db00000|100%| S|CS|TAMS 0x000000008da00000, 0x000000008da00000| Complete 
| 145|0x000000008db00000, 0x000000008dc00000, 0x000000008dc00000|100%| S|CS|TAMS 0x000000008db00000, 0x000000008db00000| Complete 
| 146|0x000000008dc00000, 0x000000008dd00000, 0x000000008dd00000|100%| S|CS|TAMS 0x000000008dc00000, 0x000000008dc00000| Complete 
| 147|0x000000008dd00000, 0x000000008dd00000, 0x000000008de00000|  0%| F|  |TAMS 0x000000008dd00000, 0x000000008dd00000| Untracked 
| 148|0x000000008de00000, 0x000000008de00000, 0x000000008df00000|  0%| F|  |TAMS 0x000000008de00000, 0x000000008de00000| Untracked 
| 149|0x000000008df00000, 0x000000008e000000, 0x000000008e000000|100%| S|CS|TAMS 0x000000008df00000, 0x000000008df00000| Complete 
| 150|0x000000008e000000, 0x000000008e000000, 0x000000008e100000|  0%| F|  |TAMS 0x000000008e000000, 0x000000008e000000| Untracked 
| 151|0x000000008e100000, 0x000000008e100000, 0x000000008e200000|  0%| F|  |TAMS 0x000000008e100000, 0x000000008e100000| Untracked 
| 152|0x000000008e200000, 0x000000008e200000, 0x000000008e300000|  0%| F|  |TAMS 0x000000008e200000, 0x000000008e200000| Untracked 
| 153|0x000000008e300000, 0x000000008e300000, 0x000000008e400000|  0%| F|  |TAMS 0x000000008e300000, 0x000000008e300000| Untracked 
| 154|0x000000008e400000, 0x000000008e400000, 0x000000008e500000|  0%| F|  |TAMS 0x000000008e400000, 0x000000008e400000| Untracked 
| 155|0x000000008e500000, 0x000000008e500000, 0x000000008e600000|  0%| F|  |TAMS 0x000000008e500000, 0x000000008e500000| Untracked 
| 156|0x000000008e600000, 0x000000008e600000, 0x000000008e700000|  0%| F|  |TAMS 0x000000008e600000, 0x000000008e600000| Untracked 
| 157|0x000000008e700000, 0x000000008e700000, 0x000000008e800000|  0%| F|  |TAMS 0x000000008e700000, 0x000000008e700000| Untracked 
| 158|0x000000008e800000, 0x000000008e800000, 0x000000008e900000|  0%| F|  |TAMS 0x000000008e800000, 0x000000008e800000| Untracked 
| 159|0x000000008e900000, 0x000000008e900000, 0x000000008ea00000|  0%| F|  |TAMS 0x000000008e900000, 0x000000008e900000| Untracked 
| 160|0x000000008ea00000, 0x000000008ea00000, 0x000000008eb00000|  0%| F|  |TAMS 0x000000008ea00000, 0x000000008ea00000| Untracked 
| 161|0x000000008eb00000, 0x000000008eb00000, 0x000000008ec00000|  0%| F|  |TAMS 0x000000008eb00000, 0x000000008eb00000| Untracked 
| 162|0x000000008ec00000, 0x000000008ec00000, 0x000000008ed00000|  0%| F|  |TAMS 0x000000008ec00000, 0x000000008ec00000| Untracked 
| 163|0x000000008ed00000, 0x000000008ed00000, 0x000000008ee00000|  0%| F|  |TAMS 0x000000008ed00000, 0x000000008ed00000| Untracked 
| 164|0x000000008ee00000, 0x000000008ee00000, 0x000000008ef00000|  0%| F|  |TAMS 0x000000008ee00000, 0x000000008ee00000| Untracked 
| 165|0x000000008ef00000, 0x000000008ef00000, 0x000000008f000000|  0%| F|  |TAMS 0x000000008ef00000, 0x000000008ef00000| Untracked 
| 166|0x000000008f000000, 0x000000008f000000, 0x000000008f100000|  0%| F|  |TAMS 0x000000008f000000, 0x000000008f000000| Untracked 
| 167|0x000000008f100000, 0x000000008f100000, 0x000000008f200000|  0%| F|  |TAMS 0x000000008f100000, 0x000000008f100000| Untracked 
| 168|0x000000008f200000, 0x000000008f200000, 0x000000008f300000|  0%| F|  |TAMS 0x000000008f200000, 0x000000008f200000| Untracked 
| 169|0x000000008f300000, 0x000000008f300000, 0x000000008f400000|  0%| F|  |TAMS 0x000000008f300000, 0x000000008f300000| Untracked 
| 170|0x000000008f400000, 0x000000008f400000, 0x000000008f500000|  0%| F|  |TAMS 0x000000008f400000, 0x000000008f400000| Untracked 
| 171|0x000000008f500000, 0x000000008f500000, 0x000000008f600000|  0%| F|  |TAMS 0x000000008f500000, 0x000000008f500000| Untracked 
| 172|0x000000008f600000, 0x000000008f600000, 0x000000008f700000|  0%| F|  |TAMS 0x000000008f600000, 0x000000008f600000| Untracked 
| 173|0x000000008f700000, 0x000000008f700000, 0x000000008f800000|  0%| F|  |TAMS 0x000000008f700000, 0x000000008f700000| Untracked 
| 174|0x000000008f800000, 0x000000008f800000, 0x000000008f900000|  0%| F|  |TAMS 0x000000008f800000, 0x000000008f800000| Untracked 
| 175|0x000000008f900000, 0x000000008f900000, 0x000000008fa00000|  0%| F|  |TAMS 0x000000008f900000, 0x000000008f900000| Untracked 
| 176|0x000000008fa00000, 0x000000008fa00000, 0x000000008fb00000|  0%| F|  |TAMS 0x000000008fa00000, 0x000000008fa00000| Untracked 
| 177|0x000000008fb00000, 0x000000008fb00000, 0x000000008fc00000|  0%| F|  |TAMS 0x000000008fb00000, 0x000000008fb00000| Untracked 
| 178|0x000000008fc00000, 0x000000008fc00000, 0x000000008fd00000|  0%| F|  |TAMS 0x000000008fc00000, 0x000000008fc00000| Untracked 
| 179|0x000000008fd00000, 0x000000008fd00000, 0x000000008fe00000|  0%| F|  |TAMS 0x000000008fd00000, 0x000000008fd00000| Untracked 
| 180|0x000000008fe00000, 0x000000008fe00000, 0x000000008ff00000|  0%| F|  |TAMS 0x000000008fe00000, 0x000000008fe00000| Untracked 
| 181|0x000000008ff00000, 0x000000008ff00000, 0x0000000090000000|  0%| F|  |TAMS 0x000000008ff00000, 0x000000008ff00000| Untracked 
| 182|0x0000000090000000, 0x0000000090000000, 0x0000000090100000|  0%| F|  |TAMS 0x0000000090000000, 0x0000000090000000| Untracked 
| 183|0x0000000090100000, 0x0000000090100000, 0x0000000090200000|  0%| F|  |TAMS 0x0000000090100000, 0x0000000090100000| Untracked 
| 184|0x0000000090200000, 0x0000000090200000, 0x0000000090300000|  0%| F|  |TAMS 0x0000000090200000, 0x0000000090200000| Untracked 
| 185|0x0000000090300000, 0x0000000090300000, 0x0000000090400000|  0%| F|  |TAMS 0x0000000090300000, 0x0000000090300000| Untracked 
| 186|0x0000000090400000, 0x0000000090400000, 0x0000000090500000|  0%| F|  |TAMS 0x0000000090400000, 0x0000000090400000| Untracked 
| 187|0x0000000090500000, 0x0000000090500000, 0x0000000090600000|  0%| F|  |TAMS 0x0000000090500000, 0x0000000090500000| Untracked 
| 188|0x0000000090600000, 0x0000000090600000, 0x0000000090700000|  0%| F|  |TAMS 0x0000000090600000, 0x0000000090600000| Untracked 
| 189|0x0000000090700000, 0x0000000090700000, 0x0000000090800000|  0%| F|  |TAMS 0x0000000090700000, 0x0000000090700000| Untracked 
| 190|0x0000000090800000, 0x0000000090800000, 0x0000000090900000|  0%| F|  |TAMS 0x0000000090800000, 0x0000000090800000| Untracked 
| 191|0x0000000090900000, 0x0000000090900000, 0x0000000090a00000|  0%| F|  |TAMS 0x0000000090900000, 0x0000000090900000| Untracked 
| 192|0x0000000090a00000, 0x0000000090a00000, 0x0000000090b00000|  0%| F|  |TAMS 0x0000000090a00000, 0x0000000090a00000| Untracked 
| 193|0x0000000090b00000, 0x0000000090b00000, 0x0000000090c00000|  0%| F|  |TAMS 0x0000000090b00000, 0x0000000090b00000| Untracked 
| 194|0x0000000090c00000, 0x0000000090c00000, 0x0000000090d00000|  0%| F|  |TAMS 0x0000000090c00000, 0x0000000090c00000| Untracked 
| 195|0x0000000090d00000, 0x0000000090d00000, 0x0000000090e00000|  0%| F|  |TAMS 0x0000000090d00000, 0x0000000090d00000| Untracked 
| 196|0x0000000090e00000, 0x0000000090e00000, 0x0000000090f00000|  0%| F|  |TAMS 0x0000000090e00000, 0x0000000090e00000| Untracked 
| 197|0x0000000090f00000, 0x0000000090f00000, 0x0000000091000000|  0%| F|  |TAMS 0x0000000090f00000, 0x0000000090f00000| Untracked 
| 198|0x0000000091000000, 0x0000000091000000, 0x0000000091100000|  0%| F|  |TAMS 0x0000000091000000, 0x0000000091000000| Untracked 
| 199|0x0000000091100000, 0x0000000091100000, 0x0000000091200000|  0%| F|  |TAMS 0x0000000091100000, 0x0000000091100000| Untracked 
| 200|0x0000000091200000, 0x0000000091200000, 0x0000000091300000|  0%| F|  |TAMS 0x0000000091200000, 0x0000000091200000| Untracked 
| 201|0x0000000091300000, 0x0000000091300000, 0x0000000091400000|  0%| F|  |TAMS 0x0000000091300000, 0x0000000091300000| Untracked 
| 202|0x0000000091400000, 0x0000000091400000, 0x0000000091500000|  0%| F|  |TAMS 0x0000000091400000, 0x0000000091400000| Untracked 
| 203|0x0000000091500000, 0x0000000091500000, 0x0000000091600000|  0%| F|  |TAMS 0x0000000091500000, 0x0000000091500000| Untracked 
| 204|0x0000000091600000, 0x0000000091600000, 0x0000000091700000|  0%| F|  |TAMS 0x0000000091600000, 0x0000000091600000| Untracked 
| 205|0x0000000091700000, 0x0000000091700000, 0x0000000091800000|  0%| F|  |TAMS 0x0000000091700000, 0x0000000091700000| Untracked 
| 206|0x0000000091800000, 0x0000000091800000, 0x0000000091900000|  0%| F|  |TAMS 0x0000000091800000, 0x0000000091800000| Untracked 
| 207|0x0000000091900000, 0x0000000091900000, 0x0000000091a00000|  0%| F|  |TAMS 0x0000000091900000, 0x0000000091900000| Untracked 
| 208|0x0000000091a00000, 0x0000000091a00000, 0x0000000091b00000|  0%| F|  |TAMS 0x0000000091a00000, 0x0000000091a00000| Untracked 
| 209|0x0000000091b00000, 0x0000000091b00000, 0x0000000091c00000|  0%| F|  |TAMS 0x0000000091b00000, 0x0000000091b00000| Untracked 
| 210|0x0000000091c00000, 0x0000000091c00000, 0x0000000091d00000|  0%| F|  |TAMS 0x0000000091c00000, 0x0000000091c00000| Untracked 
| 211|0x0000000091d00000, 0x0000000091d00000, 0x0000000091e00000|  0%| F|  |TAMS 0x0000000091d00000, 0x0000000091d00000| Untracked 
| 212|0x0000000091e00000, 0x0000000091e80800, 0x0000000091f00000| 50%| E|  |TAMS 0x0000000091e00000, 0x0000000091e00000| Complete 
| 213|0x0000000091f00000, 0x0000000092000000, 0x0000000092000000|100%| E|CS|TAMS 0x0000000091f00000, 0x0000000091f00000| Complete 
| 214|0x0000000092000000, 0x0000000092100000, 0x0000000092100000|100%| E|CS|TAMS 0x0000000092000000, 0x0000000092000000| Complete 
| 215|0x0000000092100000, 0x0000000092200000, 0x0000000092200000|100%| E|CS|TAMS 0x0000000092100000, 0x0000000092100000| Complete 
| 216|0x0000000092200000, 0x0000000092300000, 0x0000000092300000|100%| E|CS|TAMS 0x0000000092200000, 0x0000000092200000| Complete 
| 217|0x0000000092300000, 0x0000000092400000, 0x0000000092400000|100%| E|CS|TAMS 0x0000000092300000, 0x0000000092300000| Complete 
| 218|0x0000000092400000, 0x0000000092500000, 0x0000000092500000|100%| E|CS|TAMS 0x0000000092400000, 0x0000000092400000| Complete 
| 219|0x0000000092500000, 0x0000000092600000, 0x0000000092600000|100%| E|CS|TAMS 0x0000000092500000, 0x0000000092500000| Complete 
| 220|0x0000000092600000, 0x0000000092700000, 0x0000000092700000|100%| E|CS|TAMS 0x0000000092600000, 0x0000000092600000| Complete 
| 221|0x0000000092700000, 0x0000000092800000, 0x0000000092800000|100%| E|CS|TAMS 0x0000000092700000, 0x0000000092700000| Complete 
| 222|0x0000000092800000, 0x0000000092900000, 0x0000000092900000|100%| E|CS|TAMS 0x0000000092800000, 0x0000000092800000| Complete 
| 223|0x0000000092900000, 0x0000000092a00000, 0x0000000092a00000|100%| E|CS|TAMS 0x0000000092900000, 0x0000000092900000| Complete 
| 224|0x0000000092a00000, 0x0000000092b00000, 0x0000000092b00000|100%| E|CS|TAMS 0x0000000092a00000, 0x0000000092a00000| Complete 
| 225|0x0000000092b00000, 0x0000000092c00000, 0x0000000092c00000|100%| E|CS|TAMS 0x0000000092b00000, 0x0000000092b00000| Complete 
| 226|0x0000000092c00000, 0x0000000092d00000, 0x0000000092d00000|100%| E|CS|TAMS 0x0000000092c00000, 0x0000000092c00000| Complete 
| 227|0x0000000092d00000, 0x0000000092e00000, 0x0000000092e00000|100%| E|CS|TAMS 0x0000000092d00000, 0x0000000092d00000| Complete 
| 228|0x0000000092e00000, 0x0000000092f00000, 0x0000000092f00000|100%| E|CS|TAMS 0x0000000092e00000, 0x0000000092e00000| Complete 
| 229|0x0000000092f00000, 0x0000000093000000, 0x0000000093000000|100%| E|CS|TAMS 0x0000000092f00000, 0x0000000092f00000| Complete 
| 230|0x0000000093000000, 0x0000000093100000, 0x0000000093100000|100%| E|CS|TAMS 0x0000000093000000, 0x0000000093000000| Complete 
| 231|0x0000000093100000, 0x0000000093200000, 0x0000000093200000|100%| E|CS|TAMS 0x0000000093100000, 0x0000000093100000| Complete 
| 232|0x0000000093200000, 0x0000000093300000, 0x0000000093300000|100%| E|CS|TAMS 0x0000000093200000, 0x0000000093200000| Complete 
| 233|0x0000000093300000, 0x0000000093400000, 0x0000000093400000|100%| E|CS|TAMS 0x0000000093300000, 0x0000000093300000| Complete 
| 234|0x0000000093400000, 0x0000000093500000, 0x0000000093500000|100%| E|CS|TAMS 0x0000000093400000, 0x0000000093400000| Complete 
| 235|0x0000000093500000, 0x0000000093600000, 0x0000000093600000|100%| E|CS|TAMS 0x0000000093500000, 0x0000000093500000| Complete 
| 236|0x0000000093600000, 0x0000000093700000, 0x0000000093700000|100%| E|CS|TAMS 0x0000000093600000, 0x0000000093600000| Complete 
| 237|0x0000000093700000, 0x0000000093800000, 0x0000000093800000|100%| E|CS|TAMS 0x0000000093700000, 0x0000000093700000| Complete 

Card table byte_map: [0x000001f1f4180000,0x000001f1f4560000] _byte_map_base: 0x000001f1f3d5b000

Marking Bits (Prev, Next): (CMBitMap*) 0x000001f1ebe8d510, (CMBitMap*) 0x000001f1ebe8d4d8
 Prev Bits: [0x000001f1f6820000, 0x000001f1f86f8000)
 Next Bits: [0x000001f1f4940000, 0x000001f1f6818000)

Polling page: 0x000001f1e9c10000

Metaspace:

Usage:
  Non-class:     68.25 MB capacity,    67.78 MB (>99%) used,   349.41 KB ( <1%) free+waste,   134.31 KB ( <1%) overhead. 
      Class:      8.46 MB capacity,     8.10 MB ( 96%) used,   307.61 KB (  4%) free+waste,    57.38 KB ( <1%) overhead. 
       Both:     76.71 MB capacity,    75.88 MB ( 99%) used,   657.02 KB ( <1%) free+waste,   191.69 KB ( <1%) overhead. 

Virtual space:
  Non-class space:       70.00 MB reserved,      68.50 MB ( 98%) committed 
      Class space:        1.00 GB reserved,       8.50 MB ( <1%) committed 
             Both:        1.07 GB reserved,      77.00 MB (  7%) committed 

Chunk freelists:
   Non-Class:  7.62 KB
       Class:  1.50 KB
        Both:  9.12 KB

CodeHeap 'non-profiled nmethods': size=119168Kb used=5857Kb max_used=5857Kb free=113310Kb
 bounds [0x000001f187ba0000, 0x000001f188160000, 0x000001f18f000000]
CodeHeap 'profiled nmethods': size=119168Kb used=47055Kb max_used=47055Kb free=72112Kb
 bounds [0x000001f180740000, 0x000001f183540000, 0x000001f187ba0000]
CodeHeap 'non-nmethods': size=7424Kb used=2992Kb max_used=3045Kb free=4431Kb
 bounds [0x000001f180000000, 0x000001f180300000, 0x000001f180740000]
 total_blobs=16688 nmethods=16019 adapters=573
 compilation: enabled
              stopped_count=0, restarted_count=0
 full_count=0

Compilation events (10 events):
Event: 26.730 Thread 0x000001f1fc7e2800 nmethod 16650 0x000001f183523a90 code [0x000001f183523d00, 0x000001f183524648]
Event: 26.734 Thread 0x000001f1fc7e2800 16662       2       org.jetbrains.kotlin.ir.declarations.lazy.IrLazyFunction$valueParameters$2::<init> (11 bytes)
Event: 26.734 Thread 0x000001f1fc0ce800 16663       2       org.jetbrains.kotlin.ir.declarations.lazy.IrLazyFunction$typeParameters$2::<init> (11 bytes)
Event: 26.735 Thread 0x000001f1fc7e2800 nmethod 16662 0x000001f183524a10 code [0x000001f183524ba0, 0x000001f183524cf8]
Event: 26.735 Thread 0x000001f1fc7e2800 16664       2       org.jetbrains.kotlin.ir.declarations.lazy.IrLazyFunction$overriddenSymbols$2::<init> (11 bytes)
Event: 26.735 Thread 0x000001f1fc0ce800 nmethod 16663 0x000001f183524d90 code [0x000001f183524f20, 0x000001f183525078]
Event: 26.735 Thread 0x000001f1fc7e2800 nmethod 16664 0x000001f183525110 code [0x000001f1835252a0, 0x000001f1835253f8]
Event: 26.741 Thread 0x000001f1fbfb5800 nmethod 16648 0x000001f183525490 code [0x000001f183526500, 0x000001f183530628]
Event: 26.847 Thread 0x000001f1fc75e800 16670       2       org.jetbrains.kotlin.backend.common.serialization.CityHashKt::toIntLE (51 bytes)
Event: 26.847 Thread 0x000001f1fc75e800 nmethod 16670 0x000001f183533d90 code [0x000001f183533f20, 0x000001f1835340b8]

GC Heap History (10 events):
Event: 14.260 GC heap before
{Heap before GC invocations=12 (full 0):
 garbage-first heap   total 243712K, used 148883K [0x0000000084a00000, 0x0000000100000000)
  region size 1024K, 91 young (93184K), 9 survivors (9216K)
 Metaspace       used 66354K, capacity 67209K, committed 67456K, reserved 1110016K
  class space    used 7406K, capacity 7770K, committed 7808K, reserved 1048576K
}
Event: 14.285 GC heap after
{Heap after GC invocations=13 (full 0):
 garbage-first heap   total 243712K, used 72021K [0x0000000084a00000, 0x0000000100000000)
  region size 1024K, 8 young (8192K), 8 survivors (8192K)
 Metaspace       used 66354K, capacity 67209K, committed 67456K, reserved 1110016K
  class space    used 7406K, capacity 7770K, committed 7808K, reserved 1048576K
}
Event: 18.550 GC heap before
{Heap before GC invocations=13 (full 0):
 garbage-first heap   total 243712K, used 166229K [0x0000000084a00000, 0x0000000100000000)
  region size 1024K, 98 young (100352K), 8 survivors (8192K)
 Metaspace       used 69156K, capacity 69989K, committed 70272K, reserved 1112064K
  class space    used 7640K, capacity 8021K, committed 8064K, reserved 1048576K
}
Event: 18.578 GC heap after
{Heap after GC invocations=14 (full 0):
 garbage-first heap   total 243712K, used 82939K [0x0000000084a00000, 0x0000000100000000)
  region size 1024K, 13 young (13312K), 13 survivors (13312K)
 Metaspace       used 69156K, capacity 69989K, committed 70272K, reserved 1112064K
  class space    used 7640K, capacity 8021K, committed 8064K, reserved 1048576K
}
Event: 22.111 GC heap before
{Heap before GC invocations=14 (full 0):
 garbage-first heap   total 243712K, used 176123K [0x0000000084a00000, 0x0000000100000000)
  region size 1024K, 104 young (106496K), 13 survivors (13312K)
 Metaspace       used 70441K, capacity 71253K, committed 71296K, reserved 1112064K
  class space    used 7688K, capacity 8057K, committed 8064K, reserved 1048576K
}
Event: 22.148 GC heap after
{Heap after GC invocations=15 (full 0):
 garbage-first heap   total 243712K, used 91417K [0x0000000084a00000, 0x0000000100000000)
  region size 1024K, 8 young (8192K), 8 survivors (8192K)
 Metaspace       used 70441K, capacity 71253K, committed 71296K, reserved 1112064K
  class space    used 7688K, capacity 8057K, committed 8064K, reserved 1048576K
}
Event: 24.648 GC heap before
{Heap before GC invocations=15 (full 0):
 garbage-first heap   total 243712K, used 182553K [0x0000000084a00000, 0x0000000100000000)
  region size 1024K, 97 young (99328K), 8 survivors (8192K)
 Metaspace       used 76933K, capacity 77783K, committed 78080K, reserved 1118208K
  class space    used 8233K, capacity 8596K, committed 8704K, reserved 1048576K
}
Event: 24.676 GC heap after
{Heap after GC invocations=16 (full 0):
 garbage-first heap   total 243712K, used 98304K [0x0000000084a00000, 0x0000000100000000)
  region size 1024K, 13 young (13312K), 13 survivors (13312K)
 Metaspace       used 76933K, capacity 77783K, committed 78080K, reserved 1118208K
  class space    used 8233K, capacity 8596K, committed 8704K, reserved 1048576K
}
Event: 26.573 GC heap before
{Heap before GC invocations=16 (full 0):
 garbage-first heap   total 243712K, used 188416K [0x0000000084a00000, 0x0000000100000000)
  region size 1024K, 101 young (103424K), 13 survivors (13312K)
 Metaspace       used 77280K, capacity 78135K, committed 78336K, reserved 1118208K
  class space    used 8244K, capacity 8628K, committed 8704K, reserved 1048576K
}
Event: 26.611 GC heap after
{Heap after GC invocations=17 (full 0):
 garbage-first heap   total 243712K, used 111680K [0x0000000084a00000, 0x0000000100000000)
  region size 1024K, 13 young (13312K), 13 survivors (13312K)
 Metaspace       used 77280K, capacity 78135K, committed 78336K, reserved 1118208K
  class space    used 8244K, capacity 8628K, committed 8704K, reserved 1048576K
}

Deoptimization events (10 events):
Event: 26.665 Thread 0x000001f1ebe51800 Uncommon trap: reason=class_check action=maybe_recompile pc=0x000001f187d1210c method=java.util.regex.Pattern$BmpCharProperty.match(Ljava/util/regex/Matcher;ILjava/lang/CharSequence;)Z @ 36 c2
Event: 26.665 Thread 0x000001f1ebe51800 Uncommon trap: reason=class_check action=maybe_recompile pc=0x000001f187d1210c method=java.util.regex.Pattern$BmpCharProperty.match(Ljava/util/regex/Matcher;ILjava/lang/CharSequence;)Z @ 36 c2
Event: 26.665 Thread 0x000001f1ebe51800 Uncommon trap: reason=class_check action=maybe_recompile pc=0x000001f187d1210c method=java.util.regex.Pattern$BmpCharProperty.match(Ljava/util/regex/Matcher;ILjava/lang/CharSequence;)Z @ 36 c2
Event: 26.665 Thread 0x000001f1ebe51800 Uncommon trap: reason=class_check action=maybe_recompile pc=0x000001f187d1210c method=java.util.regex.Pattern$BmpCharProperty.match(Ljava/util/regex/Matcher;ILjava/lang/CharSequence;)Z @ 36 c2
Event: 26.666 Thread 0x000001f1ebe51800 Uncommon trap: reason=class_check action=maybe_recompile pc=0x000001f1881464ac method=org.jetbrains.kotlin.resolve.DescriptorUtils.getContainingClass(Lorg/jetbrains/kotlin/descriptors/DeclarationDescriptor;)Lorg/jetbrains/kotlin/descriptors/ClassDescripto
Event: 26.666 Thread 0x000001f1ebe51800 Uncommon trap: reason=class_check action=maybe_recompile pc=0x000001f1881464ac method=org.jetbrains.kotlin.resolve.DescriptorUtils.getContainingClass(Lorg/jetbrains/kotlin/descriptors/DeclarationDescriptor;)Lorg/jetbrains/kotlin/descriptors/ClassDescripto
Event: 26.678 Thread 0x000001f1ebe51800 Uncommon trap: reason=bimorphic_or_optimized_type_check action=maybe_recompile pc=0x000001f1880dbacc method=org.jetbrains.kotlin.descriptors.impl.PackageFragmentDescriptorImpl.accept(Lorg/jetbrains/kotlin/descriptors/DeclarationDescriptorVisitor;Ljava/lan
Event: 26.681 Thread 0x000001f1ebe51800 Uncommon trap: reason=class_check action=maybe_recompile pc=0x000001f18811b60c method=org.jetbrains.kotlin.resolve.DescriptorUtils.getContainingClass(Lorg/jetbrains/kotlin/descriptors/DeclarationDescriptor;)Lorg/jetbrains/kotlin/descriptors/ClassDescripto
Event: 26.700 Thread 0x000001f1ebe51800 Uncommon trap: reason=unstable_if action=reinterpret pc=0x000001f187eb859c method=kotlin.LazyKt__LazyJVMKt.lazy(Lkotlin/LazyThreadSafetyMode;Lkotlin/jvm/functions/Function0;)Lkotlin/Lazy; @ 21 c2
Event: 26.782 Thread 0x000001f1ebe51800 Uncommon trap: reason=bimorphic_or_optimized_type_check action=maybe_recompile pc=0x000001f1881579f8 method=org.jetbrains.kotlin.resolve.descriptorUtil.DescriptorUtilsKt.isEffectivelyExternal(Lorg/jetbrains/kotlin/descriptors/MemberDescriptor;)Z @ 63 c2

Classes redefined (0 events):
No events

Internal exceptions (10 events):
Event: 13.088 Thread 0x000001f1ebe51800 Exception <a 'java/lang/IncompatibleClassChangeError'{0x000000009063e018}: Found class java.lang.Object, but interface was expected> (0x000000009063e018) thrown at [./open/src/hotspot/share/interpreter/linkResolver.cpp, line 838]
Event: 13.576 Thread 0x000001f1ebe51800 Implicit null exception at 0x000001f187bf5855 to 0x000001f187bf5a1c
Event: 13.870 Thread 0x000001f1ebe51800 Implicit null exception at 0x000001f187bbd657 to 0x000001f187bbdb64
Event: 13.891 Thread 0x000001f1ebe51800 Implicit null exception at 0x000001f187bbc2d4 to 0x000001f187bbc7b4
Event: 15.154 Thread 0x000001f1ebe51800 Implicit null exception at 0x000001f187f0cf1f to 0x000001f187f0e9dc
Event: 15.546 Thread 0x000001f1ebe51800 Implicit null exception at 0x000001f187f041dc to 0x000001f187f044b8
Event: 16.972 Thread 0x000001f1ebe51800 Implicit null exception at 0x000001f187f7ef3c to 0x000001f187f7f308
Event: 22.829 Thread 0x000001f1ebe51800 Exception <a 'java/lang/NoSuchMethodError'{0x0000000091e31af0}: java.lang.invoke.DirectMethodHandle$Holder.invokeStaticInit(Ljava/lang/Object;Ljava/lang/Object;Ljava/lang/Object;Ljava/lang/Object;)Ljava/lang/Object;> (0x0000000091e31af0) thrown at [./open
Event: 23.209 Thread 0x000001f1ebe51800 Exception <a 'java/lang/NoSuchMethodError'{0x00000000912912c8}: java.lang.invoke.DirectMethodHandle$Holder.invokeStaticInit(Ljava/lang/Object;Ljava/lang/Object;Ljava/lang/Object;Ljava/lang/Object;)I> (0x00000000912912c8) thrown at [./open/src/hotspot/shar
Event: 24.028 Thread 0x000001f1ebe51800 Implicit null exception at 0x000001f187c038d4 to 0x000001f187c03aec

Events (10 events):
Event: 26.779 loading class org/jetbrains/kotlin/ir/declarations/lazy/IrLazyProperty$backingField$2 done
Event: 26.779 loading class org/jetbrains/kotlin/ir/declarations/lazy/IrLazyProperty$getter$2
Event: 26.779 loading class org/jetbrains/kotlin/ir/declarations/lazy/IrLazyProperty$getter$2 done
Event: 26.780 loading class org/jetbrains/kotlin/ir/declarations/lazy/IrLazyProperty$setter$2
Event: 26.780 loading class org/jetbrains/kotlin/ir/declarations/lazy/IrLazyProperty$setter$2 done
Event: 26.780 loading class org/jetbrains/kotlin/ir/declarations/lazy/IrLazyProperty$overriddenSymbols$2
Event: 26.780 loading class org/jetbrains/kotlin/ir/declarations/lazy/IrLazyProperty$overriddenSymbols$2 done
Event: 26.782 Thread 0x000001f1ebe51800 Uncommon trap: trap_request=0xffffffc6 fr.pc=0x000001f1881579f8 relative=0x0000000000001338
Event: 26.782 Thread 0x000001f1ebe51800 DEOPT PACKING pc=0x000001f1881579f8 sp=0x00000040462fe090
Event: 26.782 Thread 0x000001f1ebe51800 DEOPT UNPACKING pc=0x000001f1800083af sp=0x00000040462fe068 mode 2


Dynamic libraries:
0x00007ff687a10000 - 0x00007ff687a20000 	C:\Program Files\Java\jdk-11\bin\java.exe
0x00007fff481d0000 - 0x00007fff483e4000 	C:\Windows\SYSTEM32\ntdll.dll
0x00007fff46b50000 - 0x00007fff46c14000 	C:\Windows\System32\KERNEL32.DLL
0x00007fff45820000 - 0x00007fff45bc4000 	C:\Windows\System32\KERNELBASE.dll
0x00007fff45700000 - 0x00007fff45811000 	C:\Windows\System32\ucrtbase.dll
0x00007fff29bc0000 - 0x00007fff29bd8000 	C:\Program Files\Java\jdk-11\bin\jli.dll
0x00007fff46350000 - 0x00007fff46400000 	C:\Windows\System32\ADVAPI32.dll
0x00007fff46530000 - 0x00007fff465d7000 	C:\Windows\System32\msvcrt.dll
0x00007fff47e60000 - 0x00007fff47f06000 	C:\Windows\System32\sechost.dll
0x00007fff48000000 - 0x00007fff48117000 	C:\Windows\System32\RPCRT4.dll
0x00007fff46850000 - 0x00007fff469fa000 	C:\Windows\System32\USER32.dll
0x00007fff456d0000 - 0x00007fff456f6000 	C:\Windows\System32\win32u.dll
0x00007fff46320000 - 0x00007fff46349000 	C:\Windows\System32\GDI32.dll
0x00007fff45e00000 - 0x00007fff45f19000 	C:\Windows\System32\gdi32full.dll
0x00007fff455b0000 - 0x00007fff4564a000 	C:\Windows\System32\msvcp_win.dll
0x00007fff29ba0000 - 0x00007fff29bbb000 	C:\Program Files\Java\jdk-11\bin\VCRUNTIME140.dll
0x00007fff20b50000 - 0x00007fff20ddf000 	C:\Windows\WinSxS\amd64_microsoft.windows.common-controls_6595b64144ccf1df_6.0.22621.2070_none_2713e6537381f706\COMCTL32.dll
0x00007fff3ec90000 - 0x00007fff3ec9a000 	C:\Windows\SYSTEM32\VERSION.dll
0x00007fff46730000 - 0x00007fff46761000 	C:\Windows\System32\IMM32.DLL
0x00007fff30e00000 - 0x00007fff30e0c000 	C:\Program Files\Java\jdk-11\bin\vcruntime140_1.dll
0x00007fff1eba0000 - 0x00007fff1ec2e000 	C:\Program Files\Java\jdk-11\bin\msvcp140.dll
0x00007ffee4c00000 - 0x00007ffee5768000 	C:\Program Files\Java\jdk-11\bin\server\jvm.dll
0x00007fff47e50000 - 0x00007fff47e58000 	C:\Windows\System32\PSAPI.DLL
0x00007fff21eb0000 - 0x00007fff21eb9000 	C:\Windows\SYSTEM32\WSOCK32.dll
0x00007fff46a00000 - 0x00007fff46a71000 	C:\Windows\System32\WS2_32.dll
0x00007fff3dac0000 - 0x00007fff3daf4000 	C:\Windows\SYSTEM32\WINMM.dll
0x00007fff44650000 - 0x00007fff44668000 	C:\Windows\SYSTEM32\kernel.appcore.dll
0x00007fff21c70000 - 0x00007fff21c80000 	C:\Program Files\Java\jdk-11\bin\verify.dll
0x00007fff42f90000 - 0x00007fff431be000 	C:\Windows\SYSTEM32\DBGHELP.DLL
0x00007fff45f90000 - 0x00007fff4631a000 	C:\Windows\System32\combase.dll
0x00007fff46770000 - 0x00007fff46847000 	C:\Windows\System32\OLEAUT32.dll
0x00007fff34530000 - 0x00007fff34562000 	C:\Windows\SYSTEM32\dbgcore.DLL
0x00007fff45650000 - 0x00007fff456ca000 	C:\Windows\System32\bcryptPrimitives.dll
0x00007fff1eb70000 - 0x00007fff1eb98000 	C:\Program Files\Java\jdk-11\bin\java.dll
0x00007fff20de0000 - 0x00007fff20dea000 	C:\Program Files\Java\jdk-11\bin\jimage.dll
0x00007fff1eb50000 - 0x00007fff1eb67000 	C:\Program Files\Java\jdk-11\bin\zip.dll
0x00007fff46fe0000 - 0x00007fff477f6000 	C:\Windows\System32\SHELL32.dll
0x00007fff43540000 - 0x00007fff43e2a000 	C:\Windows\SYSTEM32\windows.storage.dll
0x00007fff43400000 - 0x00007fff4353e000 	C:\Windows\SYSTEM32\wintypes.dll
0x00007fff47d50000 - 0x00007fff47e43000 	C:\Windows\System32\SHCORE.dll
0x00007fff47f90000 - 0x00007fff47fee000 	C:\Windows\System32\shlwapi.dll
0x00007fff454e0000 - 0x00007fff45506000 	C:\Windows\SYSTEM32\profapi.dll
0x00007fff1e980000 - 0x00007fff1e999000 	C:\Program Files\Java\jdk-11\bin\net.dll
0x00007fff3db00000 - 0x00007fff3dc37000 	C:\Windows\SYSTEM32\WINHTTP.dll
0x00007fff44b40000 - 0x00007fff44ba9000 	C:\Windows\system32\mswsock.dll
0x00007fff1ccf0000 - 0x00007fff1cd02000 	C:\Program Files\Java\jdk-11\bin\nio.dll

dbghelp: loaded successfully - version: 4.0.5 - missing functions: none
symbol engine: initialized successfully - sym options: 0x614 - pdb path: .;C:\Program Files\Java\jdk-11\bin;C:\Windows\SYSTEM32;C:\Windows\WinSxS\amd64_microsoft.windows.common-controls_6595b64144ccf1df_6.0.22621.2070_none_2713e6537381f706;C:\Program Files\Java\jdk-11\bin\server

VM Arguments:
java_command: org.jetbrains.kotlin.cli.jvm.K2JVMCompiler @D:\Workspace\intern\youmed\node_modules\react-native-screens\android\build\20230902_1143479242232806613.compiler.options
java_class_path (initial): C:\Users\FPTSHOP\.gradle\caches\modules-2\files-2.1\org.jetbrains.kotlin\kotlin-compiler-embeddable\1.6.21\97bdd5a752ce73b58ef16c17bc7f0ea2faff7a2e\kotlin-compiler-embeddable-1.6.21.jar;C:\Users\FPTSHOP\.gradle\caches\modules-2\files-2.1\org.jetbrains.kotlin\kotlin-reflect\1.6.21\5dc3574d9b7bebfcb4ec6b10ada4aaa9e140bd0b\kotlin-reflect-1.6.21.jar;C:\Users\FPTSHOP\.gradle\caches\modules-2\files-2.1\org.jetbrains.kotlin\kotlin-stdlib\1.6.21\11ef67f1900634fd951bad28c53ec957fabbe5b8\kotlin-stdlib-1.6.21.jar;C:\Users\FPTSHOP\.gradle\caches\modules-2\files-2.1\org.jetbrains.kotlin\kotlin-script-runtime\1.6.21\99c6675100da5d6d5b1c5a1032f27f28008d101b\kotlin-script-runtime-1.6.21.jar;C:\Users\FPTSHOP\.gradle\caches\modules-2\files-2.1\org.jetbrains.kotlin\kotlin-daemon-embeddable\1.6.21\46b78cf392e1c4f10854c3cadba44abb7b82250f\kotlin-daemon-embeddable-1.6.21.jar;C:\Users\FPTSHOP\.gradle\caches\modules-2\files-2.1\org.jetbrains.intellij.deps\trove4j\1.0.20200330\3afb14d5f9ceb459d724e907a21145e8ff394f02\trove4j-1.0.20200330.jar;C:\Users\FPTSHOP\.gradle\caches\modules-2\files-2.1\net.java.dev.jna\jna\5.6.0\330f2244e9030119ab3030fc3fededc86713d9cc\jna-5.6.0.jar;C:\Users\FPTSHOP\.gradle\caches\modules-2\files-2.1\org.jetbrains.kotlin\kotlin-stdlib-common\1.6.21\5e5b55c26dbc80372a920aef60eb774b714559b8\kotlin-stdlib-common-1.6.21.jar;C:\Users\FPTSHOP\.gradle\caches\modules-2\files-2.1\org.jetbrains\annotations\13.0\919f0dfe192fb4e063e7dacadee7f8bb9a2672a9\annotations-13.0.jar
Launcher Type: SUN_STANDARD

[Global flags]
     intx CICompilerCount                          = 12                                        {product} {ergonomic}
     uint ConcGCThreads                            = 3                                         {product} {ergonomic}
     uint G1ConcRefinementThreads                  = 13                                        {product} {ergonomic}
   size_t G1HeapRegionSize                         = 1048576                                   {product} {ergonomic}
    uintx GCDrainStackTargetSize                   = 64                                        {product} {ergonomic}
   size_t InitialHeapSize                          = 130023424                                 {product} {ergonomic}
   size_t MarkStackSize                            = 4194304                                   {product} {ergonomic}
   size_t MaxHeapSize                              = 2069889024                                {product} {ergonomic}
   size_t MaxNewSize                               = 1241513984                                {product} {ergonomic}
   size_t MinHeapDeltaBytes                        = 1048576                                   {product} {ergonomic}
    uintx NonNMethodCodeHeapSize                   = 7594288                                {pd product} {ergonomic}
    uintx NonProfiledCodeHeapSize                  = 122031976                              {pd product} {ergonomic}
    uintx ProfiledCodeHeapSize                     = 122031976                              {pd product} {ergonomic}
    uintx ReservedCodeCacheSize                    = 251658240                              {pd product} {ergonomic}
     bool SegmentedCodeCache                       = true                                      {product} {ergonomic}
     bool UseCompressedClassPointers               = true                                 {lp64_product} {ergonomic}
     bool UseCompressedOops                        = true                                 {lp64_product} {ergonomic}
     bool UseG1GC                                  = true                                      {product} {ergonomic}
     bool UseLargePagesIndividualAllocation        = false                                  {pd product} {ergonomic}

Logging:
Log output configuration:
 #0: stdout all=warning uptime,level,tags
 #1: stderr all=off uptime,level,tags

Environment Variables:
CLASSPATH=D:\Workspace\intern\youmed\android\\gradle\wrapper\gradle-wrapper.jar
PATH=D:\Workspace\intern\youmed\node_modules\.bin;D:\Workspace\intern\node_modules\.bin;D:\Workspace\node_modules\.bin;D:\node_modules\.bin;C:\Users\FPTSHOP\AppData\Roaming\nvm\v18.16.1\node_modules\npm\node_modules\@npmcli\run-script\lib\node-gyp-bin;C:\Program Files\Microsoft MPI\Bin\;C:\Program Files\Common Files\Oracle\Java\javapath;C:\Windows\system32;C:\Windows;C:\Windows\System32\Wbem;C:\Windows\System32\WindowsPowerShell\v1.0\;C:\Windows\System32\OpenSSH\;C:\Program Files (x86)\NVIDIA Corporation\PhysX\Common;C:\Program Files\NVIDIA Corporation\NVIDIA NvDLISR;C:\Program Files\Git\cmd;C:\Program Files\Java\jdk-11\bin;C:\ProgramData\chocolatey\bin;C:\Program Files\Azure Data Studio\bin;C:\Program Files\dotnet\;C:\Program Files (x86)\Microsoft SQL Server\160\DTS\Binn\;C:\Program Files (x86)\Microsoft SQL Server\160\Tools\Binn\;C:\Program Files\Microsoft SQL Server\160\Tools\Binn\;C:\Program Files\Microsoft SQL Server\Client SDK\ODBC\170\Tools\Binn\;C:\Program Files\Microsoft SQL Server\160\DTS\Binn\;C:\Users\FPTSHOP\anaconda3\Scripts;C:\Users\FPTSHOP\anaconda3\Library\bin;C:\Users\FPTSHOP\AppData\Roaming\nvm;C:\Program Files\nodejs;C:\Users\FPTSHOP\AppData\Local\Programs\Python\Python311\Scripts\;C:\Users\FPTSHOP\AppData\Local\Programs\Python\Python311\;C:\Users\FPTSHOP\AppData\Local\Microsoft\WindowsApps;C:\Users\FPTSHOP\AppData\Local\Programs\Microsoft VS Code\bin;C:\Users\FPTSHOP\AppData\Roaming\npm;C:\Users\FPTSHOP\AppData\Local\Android\Sdk\platform-tools;C:\Users\FPTSHOP\.dotnet\tools;C:\Users\FPTSHOP\OneDrive\Documents\flutter\bin
USERNAME=FPTSHOP
OS=Windows_NT
PROCESSOR_IDENTIFIER=Intel64 Family 6 Model 141 Stepping 1, GenuineIntel



---------------  S Y S T E M  ---------------

OS: Windows 11 , 64 bit Build 22621 (10.0.22621.2070)
Hyper-V role detected

CPU:total 16 (initial active 16) (8 cores per cpu, 2 threads per core) family 6 model 141 stepping 1 microcode 0x34, cmov, cx8, fxsr, mmx, sse, sse2, sse3, ssse3, sse4.1, sse4.2, popcnt, avx, avx2, aes, clmul, erms, 3dnowpref, lzcnt, ht, tsc, tscinvbit, bmi1, bmi2, adx, evex, sha, fma

Memory: 4k page, system-wide physical 7893M (132M free)
TotalPageFile size 26643M (AvailPageFile size 4M)
current process WorkingSet (physical memory assigned to process): 462M, peak: 476M
current process commit charge ("private bytes"): 519M, peak: 530M

vm_info: Java HotSpot(TM) 64-Bit Server VM (11.0.18+9-LTS-195) for windows-amd64 JRE (11.0.18+9-LTS-195), built on Dec  6 2022 15:50:58 by "mach5one" with MS VC++ 17.1 (VS2022)

END.
