#
# There is insufficient memory for the Java Runtime Environment to continue.
# Native memory allocation (malloc) failed to allocate 668656 bytes for Chunk::new
# Possible reasons:
#   The system is out of physical RAM or swap space
#   The process is running with CompressedOops enabled, and the Java Heap may be blocking the growth of the native heap
# Possible solutions:
#   Reduce memory load on the system
#   Increase physical memory or swap space
#   Check if swap backing store is full
#   Decrease Java heap size (-Xmx/-Xms)
#   Decrease number of Java threads
#   Decrease Java thread stack sizes (-Xss)
#   Set larger code cache with -XX:ReservedCodeCacheSize=
#   JVM is running with Unscaled Compressed Oops mode in which the Java heap is
#     placed in the first 4GB address space. The Java Heap base address is the
#     maximum limit for the native heap growth. Please use -XX:HeapBaseMinAddress
#     to set the Java Heap base and to place the Java Heap above 4GB virtual address.
# This output file may be truncated or incomplete.
#
#  Out of Memory Error (./open/src/hotspot/share/memory/arena.cpp:197), pid=28244, tid=31024
#
# JRE version: Java(TM) SE Runtime Environment 18.9 (11.0.18+9) (build 11.0.18+9-LTS-195)
# Java VM: Java HotSpot(TM) 64-Bit Server VM 18.9 (11.0.18+9-LTS-195, mixed mode, tiered, compressed oops, g1 gc, windows-amd64)
# No core dump will be written. Minidumps are not enabled by default on client versions of Windows
#

---------------  S U M M A R Y ------------

Command Line: org.jetbrains.kotlin.cli.jvm.K2JVMCompiler @D:\Workspace\intern\youmed\node_modules\react-native-screens\android\build\20230903_1457389498206020554.compiler.options

Host: 11th Gen Intel(R) Core(TM) i7-11800H @ 2.30GHz, 16 cores, 7G,  Windows 11 , 64 bit Build 22621 (10.0.22621.2070)
Time: Sun Sep  3 15:55:13 2023 SE Asia Standard Time elapsed time: 2.018982 seconds (0d 0h 0m 2s)

---------------  T H R E A D  ---------------

Current thread (0x000001e482a10800):  JavaThread "C2 CompilerThread2" daemon [_thread_in_native, id=31024, stack(0x0000008199100000,0x0000008199200000)]


Current CompileTask:
C2:   2019 1610       4       org.jetbrains.kotlin.cli.common.arguments.ParseCommandLineArgumentsKt::parsePreprocessedCommandLineArguments$matches (341 bytes)

Stack: [0x0000008199100000,0x0000008199200000]
Native frames: (J=compiled Java code, j=interpreted, Vv=VM code, C=native code)
V  [jvm.dll+0x65d8aa]
V  [jvm.dll+0x79fc1f]
V  [jvm.dll+0x7a12e9]
V  [jvm.dll+0x7a1983]
V  [jvm.dll+0x2585b5]
V  [jvm.dll+0xb284c]
V  [jvm.dll+0xb2e0c]
V  [jvm.dll+0x365e21]
V  [jvm.dll+0x1a20e4]
V  [jvm.dll+0x2114fd]
V  [jvm.dll+0x210378]
V  [jvm.dll+0x18c641]
V  [jvm.dll+0x220609]
V  [jvm.dll+0x21e92c]
V  [jvm.dll+0x763f61]
V  [jvm.dll+0x75c924]
V  [jvm.dll+0x65c755]
C  [ucrtbase.dll+0x29363]
C  [KERNEL32.DLL+0x126ad]
C  [ntdll.dll+0x5aa68]


---------------  P R O C E S S  ---------------

Threads class SMR info:
_java_thread_list=0x000001e4829bfca0, length=15, elements={
0x000001e4e3759800, 0x000001e4fffbd000, 0x000001e4fffbe800, 0x000001e482865800,
0x000001e482866800, 0x000001e48286b000, 0x000001e482810000, 0x000001e482813800,
0x000001e482814800, 0x000001e4829b8800, 0x000001e482a21000, 0x000001e482a12000,
0x000001e482a10800, 0x000001e482f0e800, 0x000001e482f0f800
}

Java Threads: ( => current thread )
  0x000001e4e3759800 JavaThread "main" [_thread_in_vm, id=30316, stack(0x0000008197e00000,0x0000008197f00000)]
  0x000001e4fffbd000 JavaThread "Reference Handler" daemon [_thread_blocked, id=16564, stack(0x0000008198500000,0x0000008198600000)]
  0x000001e4fffbe800 JavaThread "Finalizer" daemon [_thread_blocked, id=15948, stack(0x0000008198600000,0x0000008198700000)]
  0x000001e482865800 JavaThread "Signal Dispatcher" daemon [_thread_blocked, id=17404, stack(0x0000008198700000,0x0000008198800000)]
  0x000001e482866800 JavaThread "Attach Listener" daemon [_thread_blocked, id=32096, stack(0x0000008198800000,0x0000008198900000)]
  0x000001e48286b000 JavaThread "Service Thread" daemon [_thread_blocked, id=28604, stack(0x0000008198900000,0x0000008198a00000)]
  0x000001e482810000 JavaThread "C2 CompilerThread0" daemon [_thread_blocked, id=3992, stack(0x0000008198a00000,0x0000008198b00000)]
  0x000001e482813800 JavaThread "C1 CompilerThread0" daemon [_thread_blocked, id=19856, stack(0x0000008198b00000,0x0000008198c00000)]
  0x000001e482814800 JavaThread "Sweeper thread" daemon [_thread_blocked, id=24772, stack(0x0000008198c00000,0x0000008198d00000)]
  0x000001e4829b8800 JavaThread "C1 CompilerThread1" daemon [_thread_blocked, id=19692, stack(0x0000008198d00000,0x0000008198e00000)]
  0x000001e482a21000 JavaThread "Common-Cleaner" daemon [_thread_blocked, id=9980, stack(0x0000008198f00000,0x0000008199000000)]
  0x000001e482a12000 JavaThread "C2 CompilerThread1" daemon [_thread_blocked, id=27400, stack(0x0000008199000000,0x0000008199100000)]
=>0x000001e482a10800 JavaThread "C2 CompilerThread2" daemon [_thread_in_native, id=31024, stack(0x0000008199100000,0x0000008199200000)]
  0x000001e482f0e800 JavaThread "C1 CompilerThread2" daemon [_thread_blocked, id=17212, stack(0x0000008199200000,0x0000008199300000)]
  0x000001e482f0f800 JavaThread "C1 CompilerThread3" daemon [_thread_blocked, id=18352, stack(0x0000008199300000,0x0000008199400000)]

Other Threads:
  0x000001e4fffb8800 VMThread "VM Thread" [stack: 0x0000008198400000,0x0000008198500000] [id=27752]
  0x000001e482a18800 WatcherThread [stack: 0x0000008198e00000,0x0000008198f00000] [id=32332]
  0x000001e4e376e000 GCTaskThread "GC Thread#0" [stack: 0x0000008197f00000,0x0000008198000000] [id=13956]
  0x000001e483168800 GCTaskThread "GC Thread#1" [stack: 0x0000008199400000,0x0000008199500000] [id=25324]
  0x000001e4e379a000 ConcurrentGCThread "G1 Main Marker" [stack: 0x0000008198000000,0x0000008198100000] [id=29344]
  0x000001e4e379c000 ConcurrentGCThread "G1 Conc#0" [stack: 0x0000008198100000,0x0000008198200000] [id=8804]
  0x000001e4e381e000 ConcurrentGCThread "G1 Refine#0" [stack: 0x0000008198200000,0x0000008198300000] [id=16180]
  0x000001e4ffe1b800 ConcurrentGCThread "G1 Young RemSet Sampling" [stack: 0x0000008198300000,0x0000008198400000] [id=6648]

Threads with active compile tasks:
C2 CompilerThread2     2038 1610       4       org.jetbrains.kotlin.cli.common.arguments.ParseCommandLineArgumentsKt::parsePreprocessedCommandLineArguments$matches (341 bytes)

VM state:not at safepoint (normal execution)

VM Mutex/Monitor currently owned by a thread: None

Heap address: 0x0000000084a00000, size: 1974 MB, Compressed Oops mode: 32-bit
Narrow klass base: 0x0000000000000000, Narrow klass shift: 3
Compressed class space size: 1073741824 Address: 0x0000000100000000

Heap:
 garbage-first heap   total 126976K, used 34653K [0x0000000084a00000, 0x0000000100000000)
  region size 1024K, 32 young (32768K), 3 survivors (3072K)
 Metaspace       used 18411K, capacity 18604K, committed 18688K, reserved 1067008K
  class space    used 1888K, capacity 1973K, committed 2048K, reserved 1048576K
Heap Regions: E=young(eden), S=young(survivor), O=old, HS=humongous(starts), HC=humongous(continues), CS=collection set, F=free, A=archive, TAMS=top-at-mark-start (previous, next)
|   0|0x0000000084a00000, 0x0000000084b00000, 0x0000000084b00000|100%|HS|  |TAMS 0x0000000084a00000, 0x0000000084a00000| Complete 
|   1|0x0000000084b00000, 0x0000000084c00000, 0x0000000084c00000|100%|HC|  |TAMS 0x0000000084b00000, 0x0000000084b00000| Complete 
|   2|0x0000000084c00000, 0x0000000084d00000, 0x0000000084d00000|100%|HC|  |TAMS 0x0000000084c00000, 0x0000000084c00000| Complete 
|   3|0x0000000084d00000, 0x0000000084d00000, 0x0000000084e00000|  0%| F|  |TAMS 0x0000000084d00000, 0x0000000084d00000| Untracked 
|   4|0x0000000084e00000, 0x0000000084e00000, 0x0000000084f00000|  0%| F|  |TAMS 0x0000000084e00000, 0x0000000084e00000| Untracked 
|   5|0x0000000084f00000, 0x0000000084f00000, 0x0000000085000000|  0%| F|  |TAMS 0x0000000084f00000, 0x0000000084f00000| Untracked 
|   6|0x0000000085000000, 0x0000000085000000, 0x0000000085100000|  0%| F|  |TAMS 0x0000000085000000, 0x0000000085000000| Untracked 
|   7|0x0000000085100000, 0x0000000085100000, 0x0000000085200000|  0%| F|  |TAMS 0x0000000085100000, 0x0000000085100000| Untracked 
|   8|0x0000000085200000, 0x0000000085200000, 0x0000000085300000|  0%| F|  |TAMS 0x0000000085200000, 0x0000000085200000| Untracked 
|   9|0x0000000085300000, 0x0000000085300000, 0x0000000085400000|  0%| F|  |TAMS 0x0000000085300000, 0x0000000085300000| Untracked 
|  10|0x0000000085400000, 0x0000000085400000, 0x0000000085500000|  0%| F|  |TAMS 0x0000000085400000, 0x0000000085400000| Untracked 
|  11|0x0000000085500000, 0x0000000085500000, 0x0000000085600000|  0%| F|  |TAMS 0x0000000085500000, 0x0000000085500000| Untracked 
|  12|0x0000000085600000, 0x0000000085600000, 0x0000000085700000|  0%| F|  |TAMS 0x0000000085600000, 0x0000000085600000| Untracked 
|  13|0x0000000085700000, 0x0000000085700000, 0x0000000085800000|  0%| F|  |TAMS 0x0000000085700000, 0x0000000085700000| Untracked 
|  14|0x0000000085800000, 0x0000000085800000, 0x0000000085900000|  0%| F|  |TAMS 0x0000000085800000, 0x0000000085800000| Untracked 
|  15|0x0000000085900000, 0x0000000085900000, 0x0000000085a00000|  0%| F|  |TAMS 0x0000000085900000, 0x0000000085900000| Untracked 
|  16|0x0000000085a00000, 0x0000000085a00000, 0x0000000085b00000|  0%| F|  |TAMS 0x0000000085a00000, 0x0000000085a00000| Untracked 
|  17|0x0000000085b00000, 0x0000000085b00000, 0x0000000085c00000|  0%| F|  |TAMS 0x0000000085b00000, 0x0000000085b00000| Untracked 
|  18|0x0000000085c00000, 0x0000000085c00000, 0x0000000085d00000|  0%| F|  |TAMS 0x0000000085c00000, 0x0000000085c00000| Untracked 
|  19|0x0000000085d00000, 0x0000000085d00000, 0x0000000085e00000|  0%| F|  |TAMS 0x0000000085d00000, 0x0000000085d00000| Untracked 
|  20|0x0000000085e00000, 0x0000000085e00000, 0x0000000085f00000|  0%| F|  |TAMS 0x0000000085e00000, 0x0000000085e00000| Untracked 
|  21|0x0000000085f00000, 0x0000000085f00000, 0x0000000086000000|  0%| F|  |TAMS 0x0000000085f00000, 0x0000000085f00000| Untracked 
|  22|0x0000000086000000, 0x0000000086000000, 0x0000000086100000|  0%| F|  |TAMS 0x0000000086000000, 0x0000000086000000| Untracked 
|  23|0x0000000086100000, 0x0000000086100000, 0x0000000086200000|  0%| F|  |TAMS 0x0000000086100000, 0x0000000086100000| Untracked 
|  24|0x0000000086200000, 0x0000000086200000, 0x0000000086300000|  0%| F|  |TAMS 0x0000000086200000, 0x0000000086200000| Untracked 
|  25|0x0000000086300000, 0x0000000086300000, 0x0000000086400000|  0%| F|  |TAMS 0x0000000086300000, 0x0000000086300000| Untracked 
|  26|0x0000000086400000, 0x0000000086400000, 0x0000000086500000|  0%| F|  |TAMS 0x0000000086400000, 0x0000000086400000| Untracked 
|  27|0x0000000086500000, 0x0000000086500000, 0x0000000086600000|  0%| F|  |TAMS 0x0000000086500000, 0x0000000086500000| Untracked 
|  28|0x0000000086600000, 0x0000000086600000, 0x0000000086700000|  0%| F|  |TAMS 0x0000000086600000, 0x0000000086600000| Untracked 
|  29|0x0000000086700000, 0x0000000086700000, 0x0000000086800000|  0%| F|  |TAMS 0x0000000086700000, 0x0000000086700000| Untracked 
|  30|0x0000000086800000, 0x0000000086800000, 0x0000000086900000|  0%| F|  |TAMS 0x0000000086800000, 0x0000000086800000| Untracked 
|  31|0x0000000086900000, 0x0000000086900000, 0x0000000086a00000|  0%| F|  |TAMS 0x0000000086900000, 0x0000000086900000| Untracked 
|  32|0x0000000086a00000, 0x0000000086a00000, 0x0000000086b00000|  0%| F|  |TAMS 0x0000000086a00000, 0x0000000086a00000| Untracked 
|  33|0x0000000086b00000, 0x0000000086b00000, 0x0000000086c00000|  0%| F|  |TAMS 0x0000000086b00000, 0x0000000086b00000| Untracked 
|  34|0x0000000086c00000, 0x0000000086c00000, 0x0000000086d00000|  0%| F|  |TAMS 0x0000000086c00000, 0x0000000086c00000| Untracked 
|  35|0x0000000086d00000, 0x0000000086d00000, 0x0000000086e00000|  0%| F|  |TAMS 0x0000000086d00000, 0x0000000086d00000| Untracked 
|  36|0x0000000086e00000, 0x0000000086e00000, 0x0000000086f00000|  0%| F|  |TAMS 0x0000000086e00000, 0x0000000086e00000| Untracked 
|  37|0x0000000086f00000, 0x0000000086f00000, 0x0000000087000000|  0%| F|  |TAMS 0x0000000086f00000, 0x0000000086f00000| Untracked 
|  38|0x0000000087000000, 0x0000000087000000, 0x0000000087100000|  0%| F|  |TAMS 0x0000000087000000, 0x0000000087000000| Untracked 
|  39|0x0000000087100000, 0x0000000087100000, 0x0000000087200000|  0%| F|  |TAMS 0x0000000087100000, 0x0000000087100000| Untracked 
|  40|0x0000000087200000, 0x0000000087200000, 0x0000000087300000|  0%| F|  |TAMS 0x0000000087200000, 0x0000000087200000| Untracked 
|  41|0x0000000087300000, 0x0000000087300000, 0x0000000087400000|  0%| F|  |TAMS 0x0000000087300000, 0x0000000087300000| Untracked 
|  42|0x0000000087400000, 0x0000000087400000, 0x0000000087500000|  0%| F|  |TAMS 0x0000000087400000, 0x0000000087400000| Untracked 
|  43|0x0000000087500000, 0x0000000087500000, 0x0000000087600000|  0%| F|  |TAMS 0x0000000087500000, 0x0000000087500000| Untracked 
|  44|0x0000000087600000, 0x0000000087600000, 0x0000000087700000|  0%| F|  |TAMS 0x0000000087600000, 0x0000000087600000| Untracked 
|  45|0x0000000087700000, 0x0000000087700000, 0x0000000087800000|  0%| F|  |TAMS 0x0000000087700000, 0x0000000087700000| Untracked 
|  46|0x0000000087800000, 0x0000000087800000, 0x0000000087900000|  0%| F|  |TAMS 0x0000000087800000, 0x0000000087800000| Untracked 
|  47|0x0000000087900000, 0x0000000087900000, 0x0000000087a00000|  0%| F|  |TAMS 0x0000000087900000, 0x0000000087900000| Untracked 
|  48|0x0000000087a00000, 0x0000000087a00000, 0x0000000087b00000|  0%| F|  |TAMS 0x0000000087a00000, 0x0000000087a00000| Untracked 
|  49|0x0000000087b00000, 0x0000000087b00000, 0x0000000087c00000|  0%| F|  |TAMS 0x0000000087b00000, 0x0000000087b00000| Untracked 
|  50|0x0000000087c00000, 0x0000000087c00000, 0x0000000087d00000|  0%| F|  |TAMS 0x0000000087c00000, 0x0000000087c00000| Untracked 
|  51|0x0000000087d00000, 0x0000000087d00000, 0x0000000087e00000|  0%| F|  |TAMS 0x0000000087d00000, 0x0000000087d00000| Untracked 
|  52|0x0000000087e00000, 0x0000000087e00000, 0x0000000087f00000|  0%| F|  |TAMS 0x0000000087e00000, 0x0000000087e00000| Untracked 
|  53|0x0000000087f00000, 0x0000000087f00000, 0x0000000088000000|  0%| F|  |TAMS 0x0000000087f00000, 0x0000000087f00000| Untracked 
|  54|0x0000000088000000, 0x0000000088000000, 0x0000000088100000|  0%| F|  |TAMS 0x0000000088000000, 0x0000000088000000| Untracked 
|  55|0x0000000088100000, 0x0000000088100000, 0x0000000088200000|  0%| F|  |TAMS 0x0000000088100000, 0x0000000088100000| Untracked 
|  56|0x0000000088200000, 0x0000000088200000, 0x0000000088300000|  0%| F|  |TAMS 0x0000000088200000, 0x0000000088200000| Untracked 
|  57|0x0000000088300000, 0x0000000088300000, 0x0000000088400000|  0%| F|  |TAMS 0x0000000088300000, 0x0000000088300000| Untracked 
|  58|0x0000000088400000, 0x0000000088400000, 0x0000000088500000|  0%| F|  |TAMS 0x0000000088400000, 0x0000000088400000| Untracked 
|  59|0x0000000088500000, 0x0000000088500000, 0x0000000088600000|  0%| F|  |TAMS 0x0000000088500000, 0x0000000088500000| Untracked 
|  60|0x0000000088600000, 0x0000000088600000, 0x0000000088700000|  0%| F|  |TAMS 0x0000000088600000, 0x0000000088600000| Untracked 
|  61|0x0000000088700000, 0x0000000088700000, 0x0000000088800000|  0%| F|  |TAMS 0x0000000088700000, 0x0000000088700000| Untracked 
|  62|0x0000000088800000, 0x0000000088800000, 0x0000000088900000|  0%| F|  |TAMS 0x0000000088800000, 0x0000000088800000| Untracked 
|  63|0x0000000088900000, 0x0000000088900000, 0x0000000088a00000|  0%| F|  |TAMS 0x0000000088900000, 0x0000000088900000| Untracked 
|  64|0x0000000088a00000, 0x0000000088a00000, 0x0000000088b00000|  0%| F|  |TAMS 0x0000000088a00000, 0x0000000088a00000| Untracked 
|  65|0x0000000088b00000, 0x0000000088b00000, 0x0000000088c00000|  0%| F|  |TAMS 0x0000000088b00000, 0x0000000088b00000| Untracked 
|  66|0x0000000088c00000, 0x0000000088c00000, 0x0000000088d00000|  0%| F|  |TAMS 0x0000000088c00000, 0x0000000088c00000| Untracked 
|  67|0x0000000088d00000, 0x0000000088d00000, 0x0000000088e00000|  0%| F|  |TAMS 0x0000000088d00000, 0x0000000088d00000| Untracked 
|  68|0x0000000088e00000, 0x0000000088e00000, 0x0000000088f00000|  0%| F|  |TAMS 0x0000000088e00000, 0x0000000088e00000| Untracked 
|  69|0x0000000088f00000, 0x0000000088f00000, 0x0000000089000000|  0%| F|  |TAMS 0x0000000088f00000, 0x0000000088f00000| Untracked 
|  70|0x0000000089000000, 0x0000000089000000, 0x0000000089100000|  0%| F|  |TAMS 0x0000000089000000, 0x0000000089000000| Untracked 
|  71|0x0000000089100000, 0x0000000089100000, 0x0000000089200000|  0%| F|  |TAMS 0x0000000089100000, 0x0000000089100000| Untracked 
|  72|0x0000000089200000, 0x0000000089200000, 0x0000000089300000|  0%| F|  |TAMS 0x0000000089200000, 0x0000000089200000| Untracked 
|  73|0x0000000089300000, 0x0000000089300000, 0x0000000089400000|  0%| F|  |TAMS 0x0000000089300000, 0x0000000089300000| Untracked 
|  74|0x0000000089400000, 0x0000000089400000, 0x0000000089500000|  0%| F|  |TAMS 0x0000000089400000, 0x0000000089400000| Untracked 
|  75|0x0000000089500000, 0x0000000089500000, 0x0000000089600000|  0%| F|  |TAMS 0x0000000089500000, 0x0000000089500000| Untracked 
|  76|0x0000000089600000, 0x0000000089600000, 0x0000000089700000|  0%| F|  |TAMS 0x0000000089600000, 0x0000000089600000| Untracked 
|  77|0x0000000089700000, 0x0000000089700000, 0x0000000089800000|  0%| F|  |TAMS 0x0000000089700000, 0x0000000089700000| Untracked 
|  78|0x0000000089800000, 0x0000000089800000, 0x0000000089900000|  0%| F|  |TAMS 0x0000000089800000, 0x0000000089800000| Untracked 
|  79|0x0000000089900000, 0x0000000089900000, 0x0000000089a00000|  0%| F|  |TAMS 0x0000000089900000, 0x0000000089900000| Untracked 
|  80|0x0000000089a00000, 0x0000000089a00000, 0x0000000089b00000|  0%| F|  |TAMS 0x0000000089a00000, 0x0000000089a00000| Untracked 
|  81|0x0000000089b00000, 0x0000000089b00000, 0x0000000089c00000|  0%| F|  |TAMS 0x0000000089b00000, 0x0000000089b00000| Untracked 
|  82|0x0000000089c00000, 0x0000000089c00000, 0x0000000089d00000|  0%| F|  |TAMS 0x0000000089c00000, 0x0000000089c00000| Untracked 
|  83|0x0000000089d00000, 0x0000000089d00000, 0x0000000089e00000|  0%| F|  |TAMS 0x0000000089d00000, 0x0000000089d00000| Untracked 
|  84|0x0000000089e00000, 0x0000000089e00000, 0x0000000089f00000|  0%| F|  |TAMS 0x0000000089e00000, 0x0000000089e00000| Untracked 
|  85|0x0000000089f00000, 0x0000000089f00000, 0x000000008a000000|  0%| F|  |TAMS 0x0000000089f00000, 0x0000000089f00000| Untracked 
|  86|0x000000008a000000, 0x000000008a000000, 0x000000008a100000|  0%| F|  |TAMS 0x000000008a000000, 0x000000008a000000| Untracked 
|  87|0x000000008a100000, 0x000000008a100000, 0x000000008a200000|  0%| F|  |TAMS 0x000000008a100000, 0x000000008a100000| Untracked 
|  88|0x000000008a200000, 0x000000008a200000, 0x000000008a300000|  0%| F|  |TAMS 0x000000008a200000, 0x000000008a200000| Untracked 
|  89|0x000000008a300000, 0x000000008a300000, 0x000000008a400000|  0%| F|  |TAMS 0x000000008a300000, 0x000000008a300000| Untracked 
|  90|0x000000008a400000, 0x000000008a400000, 0x000000008a500000|  0%| F|  |TAMS 0x000000008a400000, 0x000000008a400000| Untracked 
|  91|0x000000008a500000, 0x000000008a500000, 0x000000008a600000|  0%| F|  |TAMS 0x000000008a500000, 0x000000008a500000| Untracked 
|  92|0x000000008a600000, 0x000000008a700000, 0x000000008a700000|100%| E|  |TAMS 0x000000008a600000, 0x000000008a600000| Complete 
|  93|0x000000008a700000, 0x000000008a800000, 0x000000008a800000|100%| E|CS|TAMS 0x000000008a700000, 0x000000008a700000| Complete 
|  94|0x000000008a800000, 0x000000008a900000, 0x000000008a900000|100%| E|CS|TAMS 0x000000008a800000, 0x000000008a800000| Complete 
|  95|0x000000008a900000, 0x000000008aa00000, 0x000000008aa00000|100%| E|CS|TAMS 0x000000008a900000, 0x000000008a900000| Complete 
|  96|0x000000008aa00000, 0x000000008ab00000, 0x000000008ab00000|100%| E|CS|TAMS 0x000000008aa00000, 0x000000008aa00000| Complete 
|  97|0x000000008ab00000, 0x000000008abd74b8, 0x000000008ac00000| 84%| S|CS|TAMS 0x000000008ab00000, 0x000000008ab00000| Complete 
|  98|0x000000008ac00000, 0x000000008ad00000, 0x000000008ad00000|100%| S|CS|TAMS 0x000000008ac00000, 0x000000008ac00000| Complete 
|  99|0x000000008ad00000, 0x000000008ae00000, 0x000000008ae00000|100%| S|CS|TAMS 0x000000008ad00000, 0x000000008ad00000| Complete 
| 100|0x000000008ae00000, 0x000000008af00000, 0x000000008af00000|100%| E|CS|TAMS 0x000000008ae00000, 0x000000008ae00000| Complete 
| 101|0x000000008af00000, 0x000000008b000000, 0x000000008b000000|100%| E|CS|TAMS 0x000000008af00000, 0x000000008af00000| Complete 
| 102|0x000000008b000000, 0x000000008b100000, 0x000000008b100000|100%| E|CS|TAMS 0x000000008b000000, 0x000000008b000000| Complete 
| 103|0x000000008b100000, 0x000000008b200000, 0x000000008b200000|100%| E|CS|TAMS 0x000000008b100000, 0x000000008b100000| Complete 
| 104|0x000000008b200000, 0x000000008b300000, 0x000000008b300000|100%| E|CS|TAMS 0x000000008b200000, 0x000000008b200000| Complete 
| 105|0x000000008b300000, 0x000000008b400000, 0x000000008b400000|100%| E|CS|TAMS 0x000000008b300000, 0x000000008b300000| Complete 
| 106|0x000000008b400000, 0x000000008b500000, 0x000000008b500000|100%| E|CS|TAMS 0x000000008b400000, 0x000000008b400000| Complete 
| 107|0x000000008b500000, 0x000000008b600000, 0x000000008b600000|100%| E|CS|TAMS 0x000000008b500000, 0x000000008b500000| Complete 
| 108|0x000000008b600000, 0x000000008b700000, 0x000000008b700000|100%| E|CS|TAMS 0x000000008b600000, 0x000000008b600000| Complete 
| 109|0x000000008b700000, 0x000000008b800000, 0x000000008b800000|100%| E|CS|TAMS 0x000000008b700000, 0x000000008b700000| Complete 
| 110|0x000000008b800000, 0x000000008b900000, 0x000000008b900000|100%| E|CS|TAMS 0x000000008b800000, 0x000000008b800000| Complete 
| 111|0x000000008b900000, 0x000000008ba00000, 0x000000008ba00000|100%| E|CS|TAMS 0x000000008b900000, 0x000000008b900000| Complete 
| 112|0x000000008ba00000, 0x000000008bb00000, 0x000000008bb00000|100%| E|CS|TAMS 0x000000008ba00000, 0x000000008ba00000| Complete 
| 113|0x000000008bb00000, 0x000000008bc00000, 0x000000008bc00000|100%| E|CS|TAMS 0x000000008bb00000, 0x000000008bb00000| Complete 
| 114|0x000000008bc00000, 0x000000008bd00000, 0x000000008bd00000|100%| E|CS|TAMS 0x000000008bc00000, 0x000000008bc00000| Complete 
| 115|0x000000008bd00000, 0x000000008be00000, 0x000000008be00000|100%| E|CS|TAMS 0x000000008bd00000, 0x000000008bd00000| Complete 
| 116|0x000000008be00000, 0x000000008bf00000, 0x000000008bf00000|100%| E|CS|TAMS 0x000000008be00000, 0x000000008be00000| Complete 
| 117|0x000000008bf00000, 0x000000008c000000, 0x000000008c000000|100%| E|CS|TAMS 0x000000008bf00000, 0x000000008bf00000| Complete 
| 118|0x000000008c000000, 0x000000008c100000, 0x000000008c100000|100%| E|CS|TAMS 0x000000008c000000, 0x000000008c000000| Complete 
| 119|0x000000008c100000, 0x000000008c200000, 0x000000008c200000|100%| E|CS|TAMS 0x000000008c100000, 0x000000008c100000| Complete 
| 120|0x000000008c200000, 0x000000008c300000, 0x000000008c300000|100%| E|CS|TAMS 0x000000008c200000, 0x000000008c200000| Complete 
| 121|0x000000008c300000, 0x000000008c400000, 0x000000008c400000|100%| E|CS|TAMS 0x000000008c300000, 0x000000008c300000| Complete 
| 122|0x000000008c400000, 0x000000008c500000, 0x000000008c500000|100%| E|CS|TAMS 0x000000008c400000, 0x000000008c400000| Complete 
| 123|0x000000008c500000, 0x000000008c600000, 0x000000008c600000|100%| E|CS|TAMS 0x000000008c500000, 0x000000008c500000| Complete 

Card table byte_map: [0x000001e4faa80000,0x000001e4fae60000] _byte_map_base: 0x000001e4fa65b000

Marking Bits (Prev, Next): (CMBitMap*) 0x000001e4e3790868, (CMBitMap*) 0x000001e4e37908a0
 Prev Bits: [0x000001e4fb240000, 0x000001e4fd118000)
 Next Bits: [0x000001e4fd120000, 0x000001e4feff8000)

Polling page: 0x000001e4e1520000

Metaspace:

Usage:
  Non-class:     16.24 MB capacity,    16.15 MB (>99%) used,    67.56 KB ( <1%) free+waste,    21.69 KB ( <1%) overhead. 
      Class:      1.93 MB capacity,     1.85 MB ( 96%) used,    66.95 KB (  3%) free+waste,     9.75 KB ( <1%) overhead. 
       Both:     18.17 MB capacity,    18.01 MB (>99%) used,   134.52 KB ( <1%) free+waste,    31.44 KB ( <1%) overhead. 

Virtual space:
  Non-class space:       18.00 MB reserved,      16.50 MB ( 92%) committed 
      Class space:        1.00 GB reserved,       2.00 MB ( <1%) committed 
             Both:        1.02 GB reserved,      18.50 MB (  2%) committed 

Chunk freelists:
   Non-Class:  1.12 KB
       Class:  1.38 KB
        Both:  2.50 KB

CodeHeap 'non-profiled nmethods': size=119168Kb used=471Kb max_used=471Kb free=118697Kb
 bounds [0x000001e4f29c0000, 0x000001e4f2c30000, 0x000001e4f9e20000]
CodeHeap 'profiled nmethods': size=119168Kb used=3919Kb max_used=3919Kb free=115248Kb
 bounds [0x000001e4eb560000, 0x000001e4eb940000, 0x000001e4f29c0000]
CodeHeap 'non-nmethods': size=7424Kb used=2830Kb max_used=2842Kb free=4593Kb
 bounds [0x000001e4eae20000, 0x000001e4eb0f0000, 0x000001e4eb560000]
 total_blobs=2322 nmethods=1864 adapters=366
 compilation: enabled
              stopped_count=0, restarted_count=0
 full_count=0

Compilation events (10 events):
Event: 1.993 Thread 0x000001e482f0f800 1860       3       java.lang.invoke.MethodType::basicType (8 bytes)
Event: 1.993 Thread 0x000001e482f0f800 nmethod 1860 0x000001e4eb932710 code [0x000001e4eb9328a0, 0x000001e4eb9329b8]
Event: 1.994 Thread 0x000001e482f0e800 1862       3       java.util.regex.Pattern::peek (26 bytes)
Event: 1.995 Thread 0x000001e482f0e800 nmethod 1862 0x000001e4eb932a90 code [0x000001e4eb932c40, 0x000001e4eb932ea8]
Event: 2.001 Thread 0x000001e482813800 1863       3       java.lang.reflect.ProxyGenerator::code_aload (11 bytes)
Event: 2.001 Thread 0x000001e482810000 1864       4       java.lang.Class::getName (18 bytes)
Event: 2.001 Thread 0x000001e482813800 nmethod 1863 0x000001e4eb933010 code [0x000001e4eb9331c0, 0x000001e4eb933308]
Event: 2.002 Thread 0x000001e4829b8800 1865       3       java.io.DataOutputStream::writeInt (65 bytes)
Event: 2.002 Thread 0x000001e482810000 nmethod 1864 0x000001e4f2a35910 code [0x000001e4f2a35aa0, 0x000001e4f2a35b28]
Event: 2.002 Thread 0x000001e4829b8800 nmethod 1865 0x000001e4eb933390 code [0x000001e4eb933580, 0x000001e4eb933a98]

GC Heap History (2 events):
Event: 1.006 GC heap before
{Heap before GC invocations=0 (full 0):
 garbage-first heap   total 126976K, used 27648K [0x0000000084a00000, 0x0000000100000000)
  region size 1024K, 24 young (24576K), 0 survivors (0K)
 Metaspace       used 11900K, capacity 12022K, committed 12288K, reserved 1060864K
  class space    used 1121K, capacity 1175K, committed 1280K, reserved 1048576K
}
Event: 1.012 GC heap after
{Heap after GC invocations=1 (full 0):
 garbage-first heap   total 126976K, used 5981K [0x0000000084a00000, 0x0000000100000000)
  region size 1024K, 3 young (3072K), 3 survivors (3072K)
 Metaspace       used 11900K, capacity 12022K, committed 12288K, reserved 1060864K
  class space    used 1121K, capacity 1175K, committed 1280K, reserved 1048576K
}

Deoptimization events (9 events):
Event: 0.177 Thread 0x000001e4e3759800 Uncommon trap: reason=unstable_if action=reinterpret pc=0x000001e4f29c4a7c method=java.lang.String.hashCode()I @ 14 c2
Event: 0.584 Thread 0x000001e4e3759800 Uncommon trap: reason=unstable_if action=reinterpret pc=0x000001e4f29d7fa0 method=java.io.BufferedReader.read()I @ 19 c2
Event: 1.171 Thread 0x000001e4e3759800 Uncommon trap: reason=bimorphic_or_optimized_type_check action=maybe_recompile pc=0x000001e4f29f41ec method=kotlin.reflect.jvm.internal.impl.protobuf.CodedInputStream.tryRefillBuffer(I)Z @ 175 c2
Event: 1.199 Thread 0x000001e4e3759800 Uncommon trap: reason=bimorphic_or_optimized_type_check action=maybe_recompile pc=0x000001e4f29f41ec method=kotlin.reflect.jvm.internal.impl.protobuf.CodedInputStream.tryRefillBuffer(I)Z @ 175 c2
Event: 1.363 Thread 0x000001e4e3759800 Uncommon trap: reason=unstable_if action=reinterpret pc=0x000001e4f29f883c method=java.util.ArrayList.newCapacity(I)I @ 25 c2
Event: 1.443 Thread 0x000001e4e3759800 Uncommon trap: reason=bimorphic_or_optimized_type_check action=maybe_recompile pc=0x000001e4f29f41ec method=kotlin.reflect.jvm.internal.impl.protobuf.CodedInputStream.tryRefillBuffer(I)Z @ 175 c2
Event: 1.445 Thread 0x000001e4e3759800 Uncommon trap: reason=bimorphic_or_optimized_type_check action=maybe_recompile pc=0x000001e4f29f41ec method=kotlin.reflect.jvm.internal.impl.protobuf.CodedInputStream.tryRefillBuffer(I)Z @ 175 c2
Event: 1.548 Thread 0x000001e4e3759800 Uncommon trap: reason=unstable_if action=reinterpret pc=0x000001e4f29e55cc method=java.lang.String.startsWith(Ljava/lang/String;I)Z @ 14 c2
Event: 1.830 Thread 0x000001e4e3759800 Uncommon trap: reason=unstable_if action=reinterpret pc=0x000001e4f29fa4dc method=java.lang.Integer.valueOf(I)Ljava/lang/Integer; @ 3 c2

Classes redefined (0 events):
No events

Internal exceptions (10 events):
Event: 1.791 Thread 0x000001e4e3759800 Exception <a 'java/lang/NoSuchMethodError'{0x000000008af7a980}: java.lang.invoke.DelegatingMethodHandle$Holder.reinvoke_L(Ljava/lang/Object;Ljava/lang/Object;Ljava/lang/Object;JJJ)I> (0x000000008af7a980) thrown at [./open/src/hotspot/share/interpreter/lin
Event: 1.794 Thread 0x000001e4e3759800 Exception <a 'java/lang/NoSuchMethodError'{0x000000008af87d80}: java.lang.invoke.DelegatingMethodHandle$Holder.reinvoke_L(Ljava/lang/Object;Ljava/lang/Object;Ljava/lang/Object;JLjava/lang/Object;Ljava/lang/Object;)I> (0x000000008af87d80) thrown at [./open
Event: 1.798 Thread 0x000001e4e3759800 Exception <a 'java/lang/NoSuchMethodError'{0x000000008af951e0}: java.lang.invoke.DelegatingMethodHandle$Holder.reinvoke_L(Ljava/lang/Object;Ljava/lang/Object;Ljava/lang/Object;JLjava/lang/Object;)V> (0x000000008af951e0) thrown at [./open/src/hotspot/share
Event: 1.801 Thread 0x000001e4e3759800 Exception <a 'java/lang/NoSuchMethodError'{0x000000008af9ea58}: java.lang.invoke.DirectMethodHandle$Holder.invokeSpecial(Ljava/lang/Object;Ljava/lang/Object;Ljava/lang/Object;Ljava/lang/Object;J)Ljava/lang/Object;> (0x000000008af9ea58) thrown at [./open/s
Event: 1.801 Thread 0x000001e4e3759800 Exception <a 'java/lang/NoSuchMethodError'{0x000000008afa1fb0}: java.lang.invoke.DelegatingMethodHandle$Holder.reinvoke_L(Ljava/lang/Object;Ljava/lang/Object;Ljava/lang/Object;J)Ljava/lang/Object;> (0x000000008afa1fb0) thrown at [./open/src/hotspot/share/
Event: 1.806 Thread 0x000001e4e3759800 Exception <a 'java/lang/NoSuchMethodError'{0x000000008afbc4f8}: java.lang.invoke.Invokers$Holder.invoke_MT(Ljava/lang/Object;Ljava/lang/Object;Ljava/lang/Object;Ljava/lang/Object;)J> (0x000000008afbc4f8) thrown at [./open/src/hotspot/share/interpreter/lin
Event: 1.807 Thread 0x000001e4e3759800 Exception <a 'java/lang/NoSuchMethodError'{0x000000008afbfb78}: java.lang.invoke.DelegatingMethodHandle$Holder.reinvoke_L(Ljava/lang/Object;Ljava/lang/Object;Ljava/lang/Object;)J> (0x000000008afbfb78) thrown at [./open/src/hotspot/share/interpreter/linkRe
Event: 1.810 Thread 0x000001e4e3759800 Exception <a 'java/lang/NoSuchMethodError'{0x000000008afc9838}: java.lang.invoke.DirectMethodHandle$Holder.invokeSpecial(Ljava/lang/Object;Ljava/lang/Object;Ljava/lang/Object;Ljava/lang/Object;)I> (0x000000008afc9838) thrown at [./open/src/hotspot/share/i
Event: 1.814 Thread 0x000001e4e3759800 Exception <a 'java/lang/NoSuchMethodError'{0x000000008afd8610}: java.lang.invoke.DelegatingMethodHandle$Holder.reinvoke_L(Ljava/lang/Object;Ljava/lang/Object;Ljava/lang/Object;JI)I> (0x000000008afd8610) thrown at [./open/src/hotspot/share/interpreter/link
Event: 1.987 Thread 0x000001e4e3759800 Exception <a 'java/lang/NoSuchMethodError'{0x000000008a73f0e8}: java.lang.invoke.DirectMethodHandle$Holder.invokeSpecialIFC(Ljava/lang/Object;Ljava/lang/Object;I)I> (0x000000008a73f0e8) thrown at [./open/src/hotspot/share/interpreter/linkResolver.cpp, lin

Events (10 events):
Event: 2.016 loading class org/jetbrains/kotlin/backend/jvm/JvmLowerKt$arrayConstructorPhase$1
Event: 2.016 loading class org/jetbrains/kotlin/backend/jvm/JvmLowerKt$arrayConstructorPhase$1 done
Event: 2.016 loading class org/jetbrains/kotlin/backend/jvm/JvmLowerKt$expectDeclarationsRemovingPhase$1
Event: 2.016 loading class org/jetbrains/kotlin/backend/jvm/JvmLowerKt$expectDeclarationsRemovingPhase$1 done
Event: 2.017 loading class org/jetbrains/kotlin/backend/common/phaser/ModuleLoweringPhaseAdapter
Event: 2.017 loading class org/jetbrains/kotlin/backend/common/phaser/ModuleLoweringPhaseAdapter done
Event: 2.017 loading class org/jetbrains/kotlin/backend/jvm/JvmLowerKt$lateinitNullableFieldsPhase$1
Event: 2.017 loading class org/jetbrains/kotlin/backend/jvm/JvmLowerKt$lateinitNullableFieldsPhase$1 done
Event: 2.017 loading class org/jetbrains/kotlin/backend/jvm/JvmLowerKt$lateinitDeclarationLoweringPhase$1
Event: 2.017 loading class org/jetbrains/kotlin/backend/jvm/JvmLowerKt$lateinitDeclarationLoweringPhase$1 done


Dynamic libraries:
0x00007ff794a10000 - 0x00007ff794a20000 	C:\Program Files\Java\jdk-11\bin\java.exe
0x00007ffe80010000 - 0x00007ffe80224000 	C:\Windows\SYSTEM32\ntdll.dll
0x00007ffe7ea00000 - 0x00007ffe7eac4000 	C:\Windows\System32\KERNEL32.DLL
0x00007ffe7d720000 - 0x00007ffe7dac4000 	C:\Windows\System32\KERNELBASE.dll
0x00007ffe7dad0000 - 0x00007ffe7dbe1000 	C:\Windows\System32\ucrtbase.dll
0x00007ffdf3920000 - 0x00007ffdf393b000 	C:\Program Files\Java\jdk-11\bin\VCRUNTIME140.dll
0x00007ffdf3940000 - 0x00007ffdf3958000 	C:\Program Files\Java\jdk-11\bin\jli.dll
0x00007ffe7fde0000 - 0x00007ffe7fe90000 	C:\Windows\System32\ADVAPI32.dll
0x00007ffe7dde0000 - 0x00007ffe7de87000 	C:\Windows\System32\msvcrt.dll
0x00007ffe7e740000 - 0x00007ffe7e7e6000 	C:\Windows\System32\sechost.dll
0x00007ffe7ec40000 - 0x00007ffe7ed57000 	C:\Windows\System32\RPCRT4.dll
0x00007ffe7e7f0000 - 0x00007ffe7e99a000 	C:\Windows\System32\USER32.dll
0x00007ffe7dcb0000 - 0x00007ffe7dcd6000 	C:\Windows\System32\win32u.dll
0x00007ffe7f230000 - 0x00007ffe7f259000 	C:\Windows\System32\GDI32.dll
0x00007ffe64210000 - 0x00007ffe6449f000 	C:\Windows\WinSxS\amd64_microsoft.windows.common-controls_6595b64144ccf1df_6.0.22621.2070_none_2713e6537381f706\COMCTL32.dll
0x00007ffe7d3f0000 - 0x00007ffe7d509000 	C:\Windows\System32\gdi32full.dll
0x00007ffe7d510000 - 0x00007ffe7d5aa000 	C:\Windows\System32\msvcp_win.dll
0x00007ffe761c0000 - 0x00007ffe761ca000 	C:\Windows\SYSTEM32\VERSION.dll
0x00007ffe7dfe0000 - 0x00007ffe7e011000 	C:\Windows\System32\IMM32.DLL
0x00007ffdf4b20000 - 0x00007ffdf4b2c000 	C:\Program Files\Java\jdk-11\bin\vcruntime140_1.dll
0x00007ffdf3800000 - 0x00007ffdf388e000 	C:\Program Files\Java\jdk-11\bin\msvcp140.dll
0x00007ffdef450000 - 0x00007ffdeffb8000 	C:\Program Files\Java\jdk-11\bin\server\jvm.dll
0x00007ffe7fdd0000 - 0x00007ffe7fdd8000 	C:\Windows\System32\PSAPI.DLL
0x00007ffe75250000 - 0x00007ffe75284000 	C:\Windows\SYSTEM32\WINMM.dll
0x00007ffdf37f0000 - 0x00007ffdf37f9000 	C:\Windows\SYSTEM32\WSOCK32.dll
0x00007ffe7fbb0000 - 0x00007ffe7fc21000 	C:\Windows\System32\WS2_32.dll
0x00007ffe7c4d0000 - 0x00007ffe7c4e8000 	C:\Windows\SYSTEM32\kernel.appcore.dll
0x00007ffdf37e0000 - 0x00007ffdf37f0000 	C:\Program Files\Java\jdk-11\bin\verify.dll
0x00007ffe7ad70000 - 0x00007ffe7af9e000 	C:\Windows\SYSTEM32\DBGHELP.DLL
0x00007ffe7ee40000 - 0x00007ffe7f1ca000 	C:\Windows\System32\combase.dll
0x00007ffe7e660000 - 0x00007ffe7e737000 	C:\Windows\System32\OLEAUT32.dll
0x00007ffe61b90000 - 0x00007ffe61bc2000 	C:\Windows\SYSTEM32\dbgcore.DLL
0x00007ffe7dce0000 - 0x00007ffe7dd5a000 	C:\Windows\System32\bcryptPrimitives.dll
0x00007ffdf37b0000 - 0x00007ffdf37d8000 	C:\Program Files\Java\jdk-11\bin\java.dll
0x00007ffdf37a0000 - 0x00007ffdf37aa000 	C:\Program Files\Java\jdk-11\bin\jimage.dll
0x00007ffdf3780000 - 0x00007ffdf3797000 	C:\Program Files\Java\jdk-11\bin\zip.dll
0x00007ffe7f390000 - 0x00007ffe7fba6000 	C:\Windows\System32\SHELL32.dll
0x00007ffe7b370000 - 0x00007ffe7bc5a000 	C:\Windows\SYSTEM32\windows.storage.dll
0x00007ffe7b230000 - 0x00007ffe7b36e000 	C:\Windows\SYSTEM32\wintypes.dll
0x00007ffe7de90000 - 0x00007ffe7df83000 	C:\Windows\System32\SHCORE.dll
0x00007ffe7f1d0000 - 0x00007ffe7f22e000 	C:\Windows\System32\shlwapi.dll
0x00007ffe7d320000 - 0x00007ffe7d346000 	C:\Windows\SYSTEM32\profapi.dll
0x00007ffdf3510000 - 0x00007ffdf3529000 	C:\Program Files\Java\jdk-11\bin\net.dll
0x00007ffe758c0000 - 0x00007ffe759f7000 	C:\Windows\SYSTEM32\WINHTTP.dll
0x00007ffe7c9a0000 - 0x00007ffe7ca09000 	C:\Windows\system32\mswsock.dll
0x00007ffdf34f0000 - 0x00007ffdf3502000 	C:\Program Files\Java\jdk-11\bin\nio.dll

dbghelp: loaded successfully - version: 4.0.5 - missing functions: none
symbol engine: initialized successfully - sym options: 0x614 - pdb path: .;C:\Program Files\Java\jdk-11\bin;C:\Windows\SYSTEM32;C:\Windows\WinSxS\amd64_microsoft.windows.common-controls_6595b64144ccf1df_6.0.22621.2070_none_2713e6537381f706;C:\Program Files\Java\jdk-11\bin\server

VM Arguments:
java_command: org.jetbrains.kotlin.cli.jvm.K2JVMCompiler @D:\Workspace\intern\youmed\node_modules\react-native-screens\android\build\20230903_1457389498206020554.compiler.options
java_class_path (initial): C:\Users\FPTSHOP\.gradle\caches\modules-2\files-2.1\org.jetbrains.kotlin\kotlin-compiler-embeddable\1.6.21\97bdd5a752ce73b58ef16c17bc7f0ea2faff7a2e\kotlin-compiler-embeddable-1.6.21.jar;C:\Users\FPTSHOP\.gradle\caches\modules-2\files-2.1\org.jetbrains.kotlin\kotlin-reflect\1.6.21\5dc3574d9b7bebfcb4ec6b10ada4aaa9e140bd0b\kotlin-reflect-1.6.21.jar;C:\Users\FPTSHOP\.gradle\caches\modules-2\files-2.1\org.jetbrains.kotlin\kotlin-stdlib\1.6.21\11ef67f1900634fd951bad28c53ec957fabbe5b8\kotlin-stdlib-1.6.21.jar;C:\Users\FPTSHOP\.gradle\caches\modules-2\files-2.1\org.jetbrains.kotlin\kotlin-script-runtime\1.6.21\99c6675100da5d6d5b1c5a1032f27f28008d101b\kotlin-script-runtime-1.6.21.jar;C:\Users\FPTSHOP\.gradle\caches\modules-2\files-2.1\org.jetbrains.kotlin\kotlin-daemon-embeddable\1.6.21\46b78cf392e1c4f10854c3cadba44abb7b82250f\kotlin-daemon-embeddable-1.6.21.jar;C:\Users\FPTSHOP\.gradle\caches\modules-2\files-2.1\org.jetbrains.intellij.deps\trove4j\1.0.20200330\3afb14d5f9ceb459d724e907a21145e8ff394f02\trove4j-1.0.20200330.jar;C:\Users\FPTSHOP\.gradle\caches\modules-2\files-2.1\net.java.dev.jna\jna\5.6.0\330f2244e9030119ab3030fc3fededc86713d9cc\jna-5.6.0.jar;C:\Users\FPTSHOP\.gradle\caches\modules-2\files-2.1\org.jetbrains.kotlin\kotlin-stdlib-common\1.6.21\5e5b55c26dbc80372a920aef60eb774b714559b8\kotlin-stdlib-common-1.6.21.jar;C:\Users\FPTSHOP\.gradle\caches\modules-2\files-2.1\org.jetbrains\annotations\13.0\919f0dfe192fb4e063e7dacadee7f8bb9a2672a9\annotations-13.0.jar
Launcher Type: SUN_STANDARD

[Global flags]
     intx CICompilerCount                          = 12                                        {product} {ergonomic}
     uint ConcGCThreads                            = 3                                         {product} {ergonomic}
     uint G1ConcRefinementThreads                  = 13                                        {product} {ergonomic}
   size_t G1HeapRegionSize                         = 1048576                                   {product} {ergonomic}
    uintx GCDrainStackTargetSize                   = 64                                        {product} {ergonomic}
   size_t InitialHeapSize                          = 130023424                                 {product} {ergonomic}
   size_t MarkStackSize                            = 4194304                                   {product} {ergonomic}
   size_t MaxHeapSize                              = 2069889024                                {product} {ergonomic}
   size_t MaxNewSize                               = 1241513984                                {product} {ergonomic}
   size_t MinHeapDeltaBytes                        = 1048576                                   {product} {ergonomic}
    uintx NonNMethodCodeHeapSize                   = 7594288                                {pd product} {ergonomic}
    uintx NonProfiledCodeHeapSize                  = 122031976                              {pd product} {ergonomic}
    uintx ProfiledCodeHeapSize                     = 122031976                              {pd product} {ergonomic}
    uintx ReservedCodeCacheSize                    = 251658240                              {pd product} {ergonomic}
     bool SegmentedCodeCache                       = true                                      {product} {ergonomic}
     bool UseCompressedClassPointers               = true                                 {lp64_product} {ergonomic}
     bool UseCompressedOops                        = true                                 {lp64_product} {ergonomic}
     bool UseG1GC                                  = true                                      {product} {ergonomic}
     bool UseLargePagesIndividualAllocation        = false                                  {pd product} {ergonomic}

Logging:
Log output configuration:
 #0: stdout all=warning uptime,level,tags
 #1: stderr all=off uptime,level,tags

Environment Variables:
CLASSPATH=D:\Workspace\intern\youmed\android\\gradle\wrapper\gradle-wrapper.jar
PATH=D:\Workspace\intern\youmed\node_modules\.bin;D:\Workspace\intern\youmed\node_modules\.bin;D:\Workspace\intern\node_modules\.bin;D:\Workspace\node_modules\.bin;D:\node_modules\.bin;C:\Users\FPTSHOP\AppData\Roaming\nvm\v18.16.1\node_modules\npm\node_modules\@npmcli\run-script\lib\node-gyp-bin;D:\Workspace\intern\youmed\node_modules\.bin;D:\Workspace\intern\node_modules\.bin;D:\Workspace\node_modules\.bin;D:\node_modules\.bin;C:\Users\FPTSHOP\AppData\Roaming\nvm\v18.16.1\node_modules\npm\node_modules\@npmcli\run-script\lib\node-gyp-bin;C:\Program Files\Microsoft MPI\Bin\;C:\Program Files\Common Files\Oracle\Java\javapath;C:\Windows\system32;C:\Windows;C:\Windows\System32\Wbem;C:\Windows\System32\WindowsPowerShell\v1.0\;C:\Windows\System32\OpenSSH\;C:\Program Files (x86)\NVIDIA Corporation\PhysX\Common;C:\Program Files\NVIDIA Corporation\NVIDIA NvDLISR;C:\Program Files\Git\cmd;C:\Program Files\Java\jdk-11\bin;C:\ProgramData\chocolatey\bin;C:\Program Files\Azure Data Studio\bin;C:\Program Files\dotnet\;C:\Program Files (x86)\Microsoft SQL Server\160\DTS\Binn\;C:\Program Files (x86)\Microsoft SQL Server\160\Tools\Binn\;C:\Program Files\Microsoft SQL Server\160\Tools\Binn\;C:\Program Files\Microsoft SQL Server\Client SDK\ODBC\170\Tools\Binn\;C:\Program Files\Microsoft SQL Server\160\DTS\Binn\;C:\Users\FPTSHOP\anaconda3\Scripts;C:\Users\FPTSHOP\anaconda3\Library\bin;C:\Users\FPTSHOP\AppData\Roaming\nvm;C:\Program Files\nodejs;C:\Users\FPTSHOP\AppData\Local\Programs\Python\Python311\Scripts\;C:\Users\FPTSHOP\AppData\Local\Programs\Python\Python311\;C:\Users\FPTSHOP\AppData\Local\Microsoft\WindowsApps;C:\Users\FPTSHOP\AppData\Local\Programs\Microsoft VS Code\bin;C:\Users\FPTSHOP\AppData\Roaming\npm;C:\Users\FPTSHOP\AppData\Local\Android\Sdk\platform-tools;C:\Users\FPTSHOP\.dotnet\tools;C:\Users\FPTSHOP\OneDrive\Documents\flutter\bin
USERNAME=FPTSHOP
OS=Windows_NT
PROCESSOR_IDENTIFIER=Intel64 Family 6 Model 141 Stepping 1, GenuineIntel



---------------  S Y S T E M  ---------------

OS: Windows 11 , 64 bit Build 22621 (10.0.22621.2070)
Hyper-V role detected

CPU:total 16 (initial active 16) (8 cores per cpu, 2 threads per core) family 6 model 141 stepping 1 microcode 0x34, cmov, cx8, fxsr, mmx, sse, sse2, sse3, ssse3, sse4.1, sse4.2, popcnt, avx, avx2, aes, clmul, erms, 3dnowpref, lzcnt, ht, tsc, tscinvbit, bmi1, bmi2, adx, evex, sha, fma

Memory: 4k page, system-wide physical 7893M (369M free)
TotalPageFile size 26643M (AvailPageFile size 5M)
current process WorkingSet (physical memory assigned to process): 107M, peak: 107M
current process commit charge ("private bytes"): 248M, peak: 249M

vm_info: Java HotSpot(TM) 64-Bit Server VM (11.0.18+9-LTS-195) for windows-amd64 JRE (11.0.18+9-LTS-195), built on Dec  6 2022 15:50:58 by "mach5one" with MS VC++ 17.1 (VS2022)

END.
